Start auto log messages stack - Iteration 168.	[MsgId: MMSG-10545]
Action.c(28): Resource "http://www.bing.com/rp/a282eRIAnHsW_URoyogdzsukm_o.gz.js" is in the cache already and will not be downloaded again  	[MsgId: MMSG-26655]
Action.c(28): Resource "http://www.bing.com/rp/svI82uPNFRD54V4bMLaeahXQXBI.gz.js" is in the cache already and will not be downloaded again  	[MsgId: MMSG-26655]
Action.c(28): web_url("web_url") was successful, 40360 body bytes, 768 header bytes  	[MsgId: MMSG-26386]
Action.c(35): Notify: Transaction "Test3" ended with a "Pass" status (Duration: 0.2605).	[MsgId: MMSG-16873]
Action.c(38): Notify: Transaction "Test4" started.	[MsgId: MMSG-16999]
Action.c(40): web_url("web_url") started  	[MsgId: MMSG-26355]
Action.c(40): Redirecting "http://bing.com" (redirection depth is 0)  	[MsgId: MMSG-26694]
Action.c(40): To location "http://www.bing.com/"  	[MsgId: MMSG-26693]
Action.c(40): Error -26609: HTTP Status-Code=503 (Service Unavailable) for "http://www.bing.com/"  	[MsgId: MERR-26609]
End auto log messages stack.	[MsgId: MMSG-10544]


Start auto log messages stack - Iteration 398.	[MsgId: MMSG-10545]
Action.c(28): Resource "http://www.bing.com/rp/a282eRIAnHsW_URoyogdzsukm_o.gz.js" is in the cache already and will not be downloaded again  	[MsgId: MMSG-26655]
Action.c(28): Resource "http://www.bing.com/rp/svI82uPNFRD54V4bMLaeahXQXBI.gz.js" is in the cache already and will not be downloaded again  	[MsgId: MMSG-26655]
Action.c(28): web_url("web_url") was successful, 40334 body bytes, 768 header bytes  	[MsgId: MMSG-26386]
Action.c(35): Notify: Transaction "Test3" ended with a "Pass" status (Duration: 0.3288).	[MsgId: MMSG-16873]
Action.c(38): Notify: Transaction "Test4" started.	[MsgId: MMSG-16999]
Action.c(40): web_url("web_url") started  	[MsgId: MMSG-26355]
Action.c(40): Redirecting "http://bing.com" (redirection depth is 0)  	[MsgId: MMSG-26694]
Action.c(40): To location "http://www.bing.com/"  	[MsgId: MMSG-26693]
Action.c(40): Error -27792: Failed to connect to server "127.0.0.1:21357": [10061] Connection refused  	[MsgId: MERR-27792]
End auto log messages stack.	[MsgId: MMSG-10544]


Start auto log messages stack - Iteration 399.	[MsgId: MMSG-10545]
Starting action Action.	[MsgId: MMSG-15919]
Action.c(4): Notify: Transaction "Test1" started.	[MsgId: MMSG-16999]
Action.c(6): web_url("web_url") started  	[MsgId: MMSG-26355]
Action.c(6): Error -27792: Failed to connect to server "127.0.0.1:21357": [10061] Connection refused  	[MsgId: MERR-27792]
End auto log messages stack.	[MsgId: MMSG-10544]


Start auto log messages stack - Iteration 400.	[MsgId: MMSG-10545]
Starting action Action.	[MsgId: MMSG-15919]
Action.c(4): Notify: Transaction "Test1" started.	[MsgId: MMSG-16999]
Action.c(6): web_url("web_url") started  	[MsgId: MMSG-26355]
Action.c(6): Error -27792: Failed to connect to server "127.0.0.1:21357": [10061] Connection refused  	[MsgId: MERR-27792]
End auto log messages stack.	[MsgId: MMSG-10544]


Start auto log messages stack - Iteration 401.	[MsgId: MMSG-10545]
Starting action Action.	[MsgId: MMSG-15919]
Action.c(4): Notify: Transaction "Test1" started.	[MsgId: MMSG-16999]
Action.c(6): web_url("web_url") started  	[MsgId: MMSG-26355]
Action.c(6): Error -27792: Failed to connect to server "127.0.0.1:21357": [10061] Connection refused  	[MsgId: MERR-27792]
End auto log messages stack.	[MsgId: MMSG-10544]


Start auto log messages stack - Iteration 402.	[MsgId: MMSG-10545]
Starting action Action.	[MsgId: MMSG-15919]
Action.c(4): Notify: Transaction "Test1" started.	[MsgId: MMSG-16999]
Action.c(6): web_url("web_url") started  	[MsgId: MMSG-26355]
Action.c(6): Error -27792: Failed to connect to server "127.0.0.1:21357": [10061] Connection refused  	[MsgId: MERR-27792]
End auto log messages stack.	[MsgId: MMSG-10544]


Start auto log messages stack - Iteration 403.	[MsgId: MMSG-10545]
Starting action Action.	[MsgId: MMSG-15919]
Action.c(4): Notify: Transaction "Test1" started.	[MsgId: MMSG-16999]
Action.c(6): web_url("web_url") started  	[MsgId: MMSG-26355]
Action.c(6): Error -27792: Failed to connect to server "127.0.0.1:21357": [10061] Connection refused  	[MsgId: MERR-27792]
End auto log messages stack.	[MsgId: MMSG-10544]


Start auto log messages stack - Iteration 404.	[MsgId: MMSG-10545]
Starting action Action.	[MsgId: MMSG-15919]
Action.c(4): Notify: Transaction "Test1" started.	[MsgId: MMSG-16999]
Action.c(6): web_url("web_url") started  	[MsgId: MMSG-26355]
Action.c(6): Error -27792: Failed to connect to server "127.0.0.1:21357": [10061] Connection refused  	[MsgId: MERR-27792]
End auto log messages stack.	[MsgId: MMSG-10544]


Start auto log messages stack - Iteration 405.	[MsgId: MMSG-10545]
Starting action Action.	[MsgId: MMSG-15919]
Action.c(4): Notify: Transaction "Test1" started.	[MsgId: MMSG-16999]
Action.c(6): web_url("web_url") started  	[MsgId: MMSG-26355]
Action.c(6): Error -27792: Failed to connect to server "127.0.0.1:21357": [10061] Connection refused  	[MsgId: MERR-27792]
End auto log messages stack.	[MsgId: MMSG-10544]


