Virtual User Script started at: 12/9/2022 9:18:55 AM	[MsgId: MMSG-15967]
Starting action vuser_init.	[MsgId: MMSG-15919]
Web Turbo Replay of LoadRunner 2022.1.0 for Windows 10; build 448 (Jun 14 2022 12:19:54)  	[MsgId: MMSG-26983]
Run mode: HTML  	[MsgId: MMSG-26993]
Replay user agent: Mozilla/5.0 (compatible; MSIE 10.0; Windows NT 6.1; Trident/6.0)  	[MsgId: MMSG-26988]
Runtime Settings file: "C:\Users\bachv\AppData\Local\Temp\lr5tmpdirgvK.758\lrcfgHIq.759\cfghTs.760"  	[MsgId: MMSG-27141]
Vuser directory: "C:\Users\bachv\OneDrive\Desktop\bingtest"  	[MsgId: MMSG-27052]
Vuser output directory: "C:\Users\bachv\OneDrive\Desktop\bingtest"  	[MsgId: MMSG-27050]
Operating system's current working directory: "C:\Users\bachv\OneDrive\Desktop\bingtest"  	[MsgId: MMSG-27048]
UTC (GMT) start date/time   : 2022-12-09 02:18:55  	[MsgId: MMSG-26992]
LOCAL start date/time       : 2022-12-09 09:18:55  	[MsgId: MMSG-26991]
Local daylight-Savings-Time : No  	[MsgId: MMSG-26990]
Some of the Runtime Settings:  	[MsgId: MMSG-27142]
    Download non-HTML resources: Yes  	[MsgId: MMSG-27018]
    Verification checks: No  	[MsgId: MMSG-27017]
    Convert from/to UTF-8: No  	[MsgId: MMSG-27016]
    Simulate a new user each iteration: Yes  	[MsgId: MMSG-27009]
    Non-critical item errors as warnings: Yes  	[MsgId: MMSG-27008]
    HTTP errors as warnings: No  	[MsgId: MMSG-27007]
    WinInet replay instead of Sockets: No  	[MsgId: MMSG-27006]
    HTTP version: 1.1  	[MsgId: MMSG-27005]
    Keep-Alive HTTP connections: Yes  	[MsgId: MMSG-27004]
    Max self Meta refresh updates: 2  	[MsgId: MMSG-27003]
    Obtaining the proxy settings from the default browser: No proxy is used (direct connection to the Internet)  	[MsgId: MMSG-26845]
    DNS caching: Yes  	[MsgId: MMSG-27035]
    Simulate browser cache: Yes  	[MsgId: MMSG-27034]
        Cache URLs requiring content (e.g., HTMLs): Yes  	[MsgId: MMSG-27033]
            Additional URLs requiring content: None  	[MsgId: MMSG-27032]
        Check for newer versions every visit to the page: No  	[MsgId: MMSG-27031]
    Page download timeout (sec): 120  	[MsgId: MMSG-27030]
    Resource Page Timeout is a Warning: No  	[MsgId: MMSG-27029]
    ContentCheck enabled: Yes  	[MsgId: MMSG-27028]
    ContentCheck script-level file: "C:\Users\bachv\AppData\Local\Temp\lr5tmpdirgvK.758\lrcfgHIq.759\LrwiAedScript.xml"  	[MsgId: MMSG-27027]
    Enable Web Page Breakdown: Yes  	[MsgId: MMSG-27026]
    Enable connection data points: Yes  	[MsgId: MMSG-27023]
    Process socket after reschedule: Yes  	[MsgId: MMSG-27022]
    Snapshot on error: No  	[MsgId: MMSG-27021]
    Define each step as a transaction: No  	[MsgId: MMSG-27020]
    Read beyond Content-Length: No  	[MsgId: MMSG-26994]
    Parse HTML Content-Type: TEXT  	[MsgId: MMSG-26999]
    Graph hits per second and HTTP status codes: Yes  	[MsgId: MMSG-26998]
    Graph response bytes per second: Yes  	[MsgId: MMSG-26997]
    Graph pages per second: No  	[MsgId: MMSG-26996]
    Web recorder version ID: 8  	[MsgId: MMSG-26995]
Ending action vuser_init.	[MsgId: MMSG-15918]
Running Vuser...	[MsgId: MMSG-15964]
Starting iteration 1.	[MsgId: MMSG-15968]
Maximum number of concurrent connections per server: 6  	[MsgId: MMSG-26989]
Starting action Action.	[MsgId: MMSG-15919]
Action.c(4): Notify: Transaction "Test1" started.	[MsgId: MMSG-16999]
Action.c(6): web_url("web_url") started  	[MsgId: MMSG-26355]
Action.c(6): t=1245ms: Connecting [0] to host 13.107.21.200:80  	[MsgId: MMSG-26000]
Action.c(6): t=1284ms: Connected socket [0] from 192.168.100.5:18625 to 13.107.21.200:80 in 39 ms  	[MsgId: MMSG-26000]
Action.c(6): t=1286ms: 181-byte request headers for "http://bing.com" (RelFrameId=1, Internal ID=1)
Action.c(6):     GET / HTTP/1.1\r\n
Action.c(6):     User-Agent: Mozilla/5.0 (compatible; MSIE 10.0; Windows NT 6.1; Trident/6.0)\r\n
Action.c(6):     Accept-Encoding: gzip, deflate\r\n
Action.c(6):     Accept: */*\r\n
Action.c(6):     Connection: Keep-Alive\r\n
Action.c(6):     Host: bing.com\r\n
Action.c(6):     \r\n
Action.c(6): t=1326ms: 224-byte response headers for "http://bing.com" (RelFrameId=1, Internal ID=1)
Action.c(6):     HTTP/1.1 301 Moved Permanently\r\n
Action.c(6):     Location: http://www.bing.com/\r\n
Action.c(6):     X-MSEdge-Ref: Ref A: E8E28D46E5C54136B61859E064F7C818 Ref B: HKBEDGE0621 Ref C: 2022-12-09
Action.c(6):     T02:18:57Z\r\n
Action.c(6):     Date: Fri, 09 Dec 2022 02:18:56 GMT\r\n
Action.c(6):     Content-Length: 0\r\n
Action.c(6):     \r\n
Action.c(6): Redirecting "http://bing.com" (redirection depth is 0)  	[MsgId: MMSG-26694]
Action.c(6): To location "http://www.bing.com/"  	[MsgId: MMSG-26693]
Action.c(6): t=1328ms: Request done "http://bing.com"  	[MsgId: MMSG-26000]
Action.c(6): t=1576ms: Connecting [1] to host 204.79.197.200:80  	[MsgId: MMSG-26000]
Action.c(6): t=1623ms: Connected socket [1] from 192.168.100.5:18626 to 204.79.197.200:80 in 47 ms  	[MsgId: MMSG-26000]
Action.c(6): t=1626ms: 185-byte request headers for "http://www.bing.com/" (RelFrameId=1, Internal ID=2)
Action.c(6):     GET / HTTP/1.1\r\n
Action.c(6):     User-Agent: Mozilla/5.0 (compatible; MSIE 10.0; Windows NT 6.1; Trident/6.0)\r\n
Action.c(6):     Accept-Encoding: gzip, deflate\r\n
Action.c(6):     Accept: */*\r\n
Action.c(6):     Connection: Keep-Alive\r\n
Action.c(6):     Host: www.bing.com\r\n
Action.c(6):     \r\n
Action.c(6): t=1730ms: 1444-byte response headers for "http://www.bing.com/" (RelFrameId=1, Internal ID=2)
Action.c(6):     HTTP/1.1 200 OK\r\n
Action.c(6):     Cache-Control: private, max-age=0\r\n
Action.c(6):     Content-Length: 40321\r\n
Action.c(6):     Content-Type: text/html; charset=utf-8\r\n
Action.c(6):     Content-Encoding: gzip\r\n
Action.c(6):     Vary: Accept-Encoding\r\n
Action.c(6):     P3P: CP="NON UNI COM NAV STA LOC CURa DEVa PSAa PSDa OUR IND"\r\n
Action.c(6):     Set-Cookie: SUID=M; domain=.bing.com; expires=Fri, 09-Dec-2022 14:18:57 GMT; path=/; HttpO
Action.c(6):     nly\r\n
Action.c(6):     Set-Cookie: MUID=1F6B095B489E61791C7B1B2E4947605A; domain=.bing.com; expires=Wed, 03-Jan-2
Action.c(6):     024 02:18:57 GMT; path=/\r\n
Action.c(6):     Set-Cookie: MUIDB=1F6B095B489E61791C7B1B2E4947605A; expires=Wed, 03-Jan-2024 02:18:57 GMT;
Action.c(6):      path=/; HttpOnly\r\n
Action.c(6):     Set-Cookie: _EDGE_S=F=1&SID=1E5DF19B645367000B41E3EE658A66B8; domain=.bing.com; path=/; Ht
Action.c(6):     tpOnly\r\n
Action.c(6):     Set-Cookie: _EDGE_V=1; domain=.bing.com; expires=Wed, 03-Jan-2024 02:18:57 GMT; path=/; Ht
Action.c(6):     tpOnly\r\n
Action.c(6):     Set-Cookie: SRCHD=AF=NOFORM; domain=.bing.com; expires=Mon, 09-Dec-2024 02:18:57 GMT; path
Action.c(6):     =/\r\n
Action.c(6):     Set-Cookie: SRCHUID=V=2&GUID=662C9D8A3E3744F283D1D5D0C4AC7E76&dmnchg=1; domain=.bing.com; 
Action.c(6):     expires=Mon, 09-Dec-2024 02:18:57 GMT; path=/\r\n
Action.c(6):     Set-Cookie: SRCHUSR=DOB=20221209; domain=.bing.com; expires=Mon, 09-Dec-2024 02:18:57 GMT;
Action.c(6):      path=/\r\n
Action.c(6):     Set-Cookie: SRCHHPGUSR=SRCHLANG=vi; domain=.bing.com; expires=Mon, 09-Dec-2024 02:18:57 GM
Action.c(6):     T; path=/\r\n
Action.c(6):     Set-Cookie: _SS=SID=1E5DF19B645367000B41E3EE658A66B8; domain=.bing.com; path=/\r\n
Action.c(6):     X-UA-Compatible: IE=edge\r\n
Action.c(6):     X-Cache: CONFIG_NOCACHE\r\n
Action.c(6):     X-MSEdge-Ref: Ref A: 90D02224333D45FA8C6670A6167C6AA7 Ref B: HKBEDGE0612 Ref C: 2022-12-09
Action.c(6):     T02:18:57Z\r\n
Action.c(6):     Date: Fri, 09 Dec 2022 02:18:56 GMT\r\n
Action.c(6):     \r\n
Action.c(6): Found resource "http://www.bing.com/rp/MDr1f9aJs4rBVf1F5DAtlALvweY.gz.js" in HTML "http://www.bing.com/"  	[MsgId: MMSG-26659]
Action.c(6): Found resource "http://www.bing.com/rp/hceflue5sqxkKta9dP3R-IFtPuY.gz.js" in HTML "http://www.bing.com/"  	[MsgId: MMSG-26659]
Action.c(6): Found resource "http://www.bing.com/rp/a282eRIAnHsW_URoyogdzsukm_o.gz.js" in HTML "http://www.bing.com/"  	[MsgId: MMSG-26659]
Action.c(6): Found resource "http://www.bing.com/rp/svI82uPNFRD54V4bMLaeahXQXBI.gz.js" in HTML "http://www.bing.com/"  	[MsgId: MMSG-26659]
Action.c(6): t=1739ms: Connecting [2] to host 204.79.197.200:80  	[MsgId: MMSG-26000]
Action.c(6): t=1740ms: Connecting [3] to host 204.79.197.200:80  	[MsgId: MMSG-26000]
Action.c(6): t=1741ms: Connecting [4] to host 204.79.197.200:80  	[MsgId: MMSG-26000]
Action.c(6): t=1741ms: Closed connection [0] to bing.com:80 after completing 1 request(s)  	[MsgId: MMSG-26000]
Action.c(6): t=1742ms: Connecting [0] to host 204.79.197.200:80  	[MsgId: MMSG-26000]
Action.c(6): t=1769ms: Request done "http://www.bing.com/"  	[MsgId: MMSG-26000]
Action.c(6): t=1777ms: Connected socket [4] from 192.168.100.5:18629 to 204.79.197.200:80 in 36 ms  	[MsgId: MMSG-26000]
Action.c(6): t=1777ms: 573-byte request headers for "http://www.bing.com/rp/svI82uPNFRD54V4bMLaeahXQXBI.gz.js" (RelFrameId=, Internal ID=6)
Action.c(6):     GET /rp/svI82uPNFRD54V4bMLaeahXQXBI.gz.js HTTP/1.1\r\n
Action.c(6):     Referer: http://www.bing.com/\r\n
Action.c(6):     User-Agent: Mozilla/5.0 (compatible; MSIE 10.0; Windows NT 6.1; Trident/6.0)\r\n
Action.c(6):     Accept-Encoding: gzip, deflate\r\n
Action.c(6):     Accept: */*\r\n
Action.c(6):     Connection: Keep-Alive\r\n
Action.c(6):     Host: www.bing.com\r\n
Action.c(6):     Cookie: SUID=M; MUID=1F6B095B489E61791C7B1B2E4947605A; MUIDB=1F6B095B489E61791C7B1B2E49476
Action.c(6):     05A; _EDGE_S=F=1&SID=1E5DF19B645367000B41E3EE658A66B8; _EDGE_V=1; SRCHD=AF=NOFORM; SRCHUID
Action.c(6):     =V=2&GUID=662C9D8A3E3744F283D1D5D0C4AC7E76&dmnchg=1; SRCHUSR=DOB=20221209; SRCHHPGUSR=SRCH
Action.c(6):     LANG=vi; _SS=SID=1E5DF19B645367000B41E3EE658A66B8\r\n
Action.c(6):     \r\n
Action.c(6): t=1779ms: Connected socket [3] from 192.168.100.5:18628 to 204.79.197.200:80 in 39 ms  	[MsgId: MMSG-26000]
Action.c(6): t=1779ms: 573-byte request headers for "http://www.bing.com/rp/a282eRIAnHsW_URoyogdzsukm_o.gz.js" (RelFrameId=, Internal ID=5)
Action.c(6):     GET /rp/a282eRIAnHsW_URoyogdzsukm_o.gz.js HTTP/1.1\r\n
Action.c(6):     Referer: http://www.bing.com/\r\n
Action.c(6):     User-Agent: Mozilla/5.0 (compatible; MSIE 10.0; Windows NT 6.1; Trident/6.0)\r\n
Action.c(6):     Accept-Encoding: gzip, deflate\r\n
Action.c(6):     Accept: */*\r\n
Action.c(6):     Connection: Keep-Alive\r\n
Action.c(6):     Host: www.bing.com\r\n
Action.c(6):     Cookie: SUID=M; MUID=1F6B095B489E61791C7B1B2E4947605A; MUIDB=1F6B095B489E61791C7B1B2E49476
Action.c(6):     05A; _EDGE_S=F=1&SID=1E5DF19B645367000B41E3EE658A66B8; _EDGE_V=1; SRCHD=AF=NOFORM; SRCHUID
Action.c(6):     =V=2&GUID=662C9D8A3E3744F283D1D5D0C4AC7E76&dmnchg=1; SRCHUSR=DOB=20221209; SRCHHPGUSR=SRCH
Action.c(6):     LANG=vi; _SS=SID=1E5DF19B645367000B41E3EE658A66B8\r\n
Action.c(6):     \r\n
Action.c(6): t=1781ms: Connected socket [2] from 192.168.100.5:18627 to 204.79.197.200:80 in 42 ms  	[MsgId: MMSG-26000]
Action.c(6): t=1781ms: 573-byte request headers for "http://www.bing.com/rp/hceflue5sqxkKta9dP3R-IFtPuY.gz.js" (RelFrameId=, Internal ID=4)
Action.c(6):     GET /rp/hceflue5sqxkKta9dP3R-IFtPuY.gz.js HTTP/1.1\r\n
Action.c(6):     Referer: http://www.bing.com/\r\n
Action.c(6):     User-Agent: Mozilla/5.0 (compatible; MSIE 10.0; Windows NT 6.1; Trident/6.0)\r\n
Action.c(6):     Accept-Encoding: gzip, deflate\r\n
Action.c(6):     Accept: */*\r\n
Action.c(6):     Connection: Keep-Alive\r\n
Action.c(6):     Host: www.bing.com\r\n
Action.c(6):     Cookie: SUID=M; MUID=1F6B095B489E61791C7B1B2E4947605A; MUIDB=1F6B095B489E61791C7B1B2E49476
Action.c(6):     05A; _EDGE_S=F=1&SID=1E5DF19B645367000B41E3EE658A66B8; _EDGE_V=1; SRCHD=AF=NOFORM; SRCHUID
Action.c(6):     =V=2&GUID=662C9D8A3E3744F283D1D5D0C4AC7E76&dmnchg=1; SRCHUSR=DOB=20221209; SRCHHPGUSR=SRCH
Action.c(6):     LANG=vi; _SS=SID=1E5DF19B645367000B41E3EE658A66B8\r\n
Action.c(6):     \r\n
Action.c(6): t=1784ms: Connected socket [0] from 192.168.100.5:18630 to 204.79.197.200:80 in 42 ms  	[MsgId: MMSG-26000]
Action.c(6): t=1785ms: 573-byte request headers for "http://www.bing.com/rp/MDr1f9aJs4rBVf1F5DAtlALvweY.gz.js" (RelFrameId=, Internal ID=3)
Action.c(6):     GET /rp/MDr1f9aJs4rBVf1F5DAtlALvweY.gz.js HTTP/1.1\r\n
Action.c(6):     Referer: http://www.bing.com/\r\n
Action.c(6):     User-Agent: Mozilla/5.0 (compatible; MSIE 10.0; Windows NT 6.1; Trident/6.0)\r\n
Action.c(6):     Accept-Encoding: gzip, deflate\r\n
Action.c(6):     Accept: */*\r\n
Action.c(6):     Connection: Keep-Alive\r\n
Action.c(6):     Host: www.bing.com\r\n
Action.c(6):     Cookie: SUID=M; MUID=1F6B095B489E61791C7B1B2E4947605A; MUIDB=1F6B095B489E61791C7B1B2E49476
Action.c(6):     05A; _EDGE_S=F=1&SID=1E5DF19B645367000B41E3EE658A66B8; _EDGE_V=1; SRCHD=AF=NOFORM; SRCHUID
Action.c(6):     =V=2&GUID=662C9D8A3E3744F283D1D5D0C4AC7E76&dmnchg=1; SRCHUSR=DOB=20221209; SRCHHPGUSR=SRCH
Action.c(6):     LANG=vi; _SS=SID=1E5DF19B645367000B41E3EE658A66B8\r\n
Action.c(6):     \r\n
Action.c(6): t=1815ms: 1063-byte response headers for "http://www.bing.com/rp/svI82uPNFRD54V4bMLaeahXQXBI.gz.js" (RelFrameId=, Internal ID=6)
Action.c(6):     HTTP/1.1 200 OK\r\n
Action.c(6):     Cache-Control: public, max-age=432000\r\n
Action.c(6):     Content-Length: 290\r\n
Action.c(6):     Content-Type: application/x-javascript; charset=utf-8\r\n
Action.c(6):     Content-Encoding: gzip\r\n
Action.c(6):     Content-MD5: /6QX0ap488BYFDOjAoirJA==\r\n
Action.c(6):     Last-Modified: Wed, 24 Jun 2020 04:46:57 GMT\r\n
Action.c(6):     ETag: 0x8D817F99FEB2345\r\n
Action.c(6):     Server: Windows-Azure-Blob/1.0 Microsoft-HTTPAPI/2.0\r\n
Action.c(6):     X-Cache: TCP_HIT\r\n
Action.c(6):     x-ms-request-id: b00f2889-d01e-0053-1464-08b1ce000000\r\n
Action.c(6):     x-ms-version: 2009-09-19\r\n
Action.c(6):     x-ms-lease-status: unlocked\r\n
Action.c(6):     x-ms-blob-type: BlockBlob\r\n
Action.c(6):     Access-Control-Allow-Origin: *\r\n
Action.c(6):     X-Azure-Ref-OriginShield: Ref A: 57A7C33C0C5E436F91C712A9FCE25B05 Ref B: SG2EDGE2422 Ref C
Action.c(6):     : 2022-12-08T23:43:46Z\r\n
Action.c(6):     timing-allow-origin: *\r\n
Action.c(6):     cross-origin-resource-policy: cross-origin\r\n
Action.c(6):     nel: {"report_to":"network-errors","max_age":604800,"success_fraction":0.001,"failure_frac
Action.c(6):     tion":1.0}\r\n
Action.c(6):     report-to: {"group":"network-errors","max_age":604800,"endpoints":[{"url":"https://aefd.ne
Action.c(6):     lreports.net/api/report?cat=bingaot"}]}\r\n
Action.c(6):     X-MSEdge-Ref: Ref A: 55533E514D714347B9419A9CC9EBD3B8 Ref B: HKBEDGE0620 Ref C: 2022-12-09
Action.c(6):     T02:18:57Z\r\n
Action.c(6):     Date: Fri, 09 Dec 2022 02:18:57 GMT\r\n
Action.c(6):     \r\n
Action.c(6): t=1820ms: Request done "http://www.bing.com/rp/svI82uPNFRD54V4bMLaeahXQXBI.gz.js"  	[MsgId: MMSG-26000]
Action.c(6): t=1827ms: 1063-byte response headers for "http://www.bing.com/rp/MDr1f9aJs4rBVf1F5DAtlALvweY.gz.js" (RelFrameId=, Internal ID=3)
Action.c(6):     HTTP/1.1 200 OK\r\n
Action.c(6):     Cache-Control: public, max-age=432000\r\n
Action.c(6):     Content-Length: 162\r\n
Action.c(6):     Content-Type: application/x-javascript; charset=utf-8\r\n
Action.c(6):     Content-Encoding: gzip\r\n
Action.c(6):     Content-MD5: IHjOpTMXJrZ3Ud4HhBL6IQ==\r\n
Action.c(6):     Last-Modified: Wed, 24 Jun 2020 04:38:24 GMT\r\n
Action.c(6):     ETag: 0x8D817F86E683853\r\n
Action.c(6):     Server: Windows-Azure-Blob/1.0 Microsoft-HTTPAPI/2.0\r\n
Action.c(6):     X-Cache: TCP_HIT\r\n
Action.c(6):     x-ms-request-id: e0c049e3-301e-005b-2d18-08abc1000000\r\n
Action.c(6):     x-ms-version: 2009-09-19\r\n
Action.c(6):     x-ms-lease-status: unlocked\r\n
Action.c(6):     x-ms-blob-type: BlockBlob\r\n
Action.c(6):     Access-Control-Allow-Origin: *\r\n
Action.c(6):     X-Azure-Ref-OriginShield: Ref A: 7B0B915C3905447D9642B045DD429BE4 Ref B: SG2EDGE2619 Ref C
Action.c(6):     : 2022-12-07T08:15:05Z\r\n
Action.c(6):     timing-allow-origin: *\r\n
Action.c(6):     cross-origin-resource-policy: cross-origin\r\n
Action.c(6):     nel: {"report_to":"network-errors","max_age":604800,"success_fraction":0.001,"failure_frac
Action.c(6):     tion":1.0}\r\n
Action.c(6):     report-to: {"group":"network-errors","max_age":604800,"endpoints":[{"url":"https://aefd.ne
Action.c(6):     lreports.net/api/report?cat=bingaot"}]}\r\n
Action.c(6):     X-MSEdge-Ref: Ref A: 368A8312F80B4033945A7D25621C2039 Ref B: HKBEDGE0615 Ref C: 2022-12-09
Action.c(6):     T02:18:57Z\r\n
Action.c(6):     Date: Fri, 09 Dec 2022 02:18:56 GMT\r\n
Action.c(6):     \r\n
Action.c(6): t=1831ms: Request done "http://www.bing.com/rp/MDr1f9aJs4rBVf1F5DAtlALvweY.gz.js"  	[MsgId: MMSG-26000]
Action.c(6): t=1832ms: 1063-byte response headers for "http://www.bing.com/rp/hceflue5sqxkKta9dP3R-IFtPuY.gz.js" (RelFrameId=, Internal ID=4)
Action.c(6):     HTTP/1.1 200 OK\r\n
Action.c(6):     Cache-Control: public, max-age=432000\r\n
Action.c(6):     Content-Length: 261\r\n
Action.c(6):     Content-Type: application/x-javascript; charset=utf-8\r\n
Action.c(6):     Content-Encoding: gzip\r\n
Action.c(6):     Content-MD5: g2OBYaLoMQ/7pG1XxIWwmA==\r\n
Action.c(6):     Last-Modified: Wed, 24 Jun 2020 04:45:15 GMT\r\n
Action.c(6):     ETag: 0x8D817F963A5AFA9\r\n
Action.c(6):     Server: Windows-Azure-Blob/1.0 Microsoft-HTTPAPI/2.0\r\n
Action.c(6):     X-Cache: TCP_HIT\r\n
Action.c(6):     x-ms-request-id: 8342e1d2-201e-0035-2f69-07feee000000\r\n
Action.c(6):     x-ms-version: 2009-09-19\r\n
Action.c(6):     x-ms-lease-status: unlocked\r\n
Action.c(6):     x-ms-blob-type: BlockBlob\r\n
Action.c(6):     Access-Control-Allow-Origin: *\r\n
Action.c(6):     X-Azure-Ref-OriginShield: Ref A: 35C981918B9D434A92AD91ECE172C497 Ref B: SG2EDGE2506 Ref C
Action.c(6):     : 2022-12-07T04:54:23Z\r\n
Action.c(6):     timing-allow-origin: *\r\n
Action.c(6):     cross-origin-resource-policy: cross-origin\r\n
Action.c(6):     nel: {"report_to":"network-errors","max_age":604800,"success_fraction":0.001,"failure_frac
Action.c(6):     tion":1.0}\r\n
Action.c(6):     report-to: {"group":"network-errors","max_age":604800,"endpoints":[{"url":"https://aefd.ne
Action.c(6):     lreports.net/api/report?cat=bingaot"}]}\r\n
Action.c(6):     X-MSEdge-Ref: Ref A: 8555A71FFBDF46A19F25649847847F58 Ref B: HKBEDGE0618 Ref C: 2022-12-09
Action.c(6):     T02:18:57Z\r\n
Action.c(6):     Date: Fri, 09 Dec 2022 02:18:57 GMT\r\n
Action.c(6):     \r\n
Action.c(6): t=1835ms: Request done "http://www.bing.com/rp/hceflue5sqxkKta9dP3R-IFtPuY.gz.js"  	[MsgId: MMSG-26000]
Action.c(6): t=1836ms: 1063-byte response headers for "http://www.bing.com/rp/a282eRIAnHsW_URoyogdzsukm_o.gz.js" (RelFrameId=, Internal ID=5)
Action.c(6):     HTTP/1.1 200 OK\r\n
Action.c(6):     Cache-Control: public, max-age=432000\r\n
Action.c(6):     Content-Length: 293\r\n
Action.c(6):     Content-Type: application/x-javascript; charset=utf-8\r\n
Action.c(6):     Content-Encoding: gzip\r\n
Action.c(6):     Content-MD5: tJ3atKMUU9A6FxXCYWJhEw==\r\n
Action.c(6):     Last-Modified: Wed, 24 Jun 2020 04:40:23 GMT\r\n
Action.c(6):     ETag: 0x8D817F8B55178B4\r\n
Action.c(6):     Server: Windows-Azure-Blob/1.0 Microsoft-HTTPAPI/2.0\r\n
Action.c(6):     X-Cache: TCP_HIT\r\n
Action.c(6):     x-ms-request-id: 5ede98ec-b01e-006a-7454-084ad2000000\r\n
Action.c(6):     x-ms-version: 2009-09-19\r\n
Action.c(6):     x-ms-lease-status: unlocked\r\n
Action.c(6):     x-ms-blob-type: BlockBlob\r\n
Action.c(6):     Access-Control-Allow-Origin: *\r\n
Action.c(6):     X-Azure-Ref-OriginShield: Ref A: 655A1E8B8F7A4276B969547489C1EDAB Ref B: SG2EDGE2405 Ref C
Action.c(6):     : 2022-12-07T22:53:01Z\r\n
Action.c(6):     timing-allow-origin: *\r\n
Action.c(6):     cross-origin-resource-policy: cross-origin\r\n
Action.c(6):     nel: {"report_to":"network-errors","max_age":604800,"success_fraction":0.001,"failure_frac
Action.c(6):     tion":1.0}\r\n
Action.c(6):     report-to: {"group":"network-errors","max_age":604800,"endpoints":[{"url":"https://aefd.ne
Action.c(6):     lreports.net/api/report?cat=bingaot"}]}\r\n
Action.c(6):     X-MSEdge-Ref: Ref A: A5E61BA53F1E43D5802F1EE0F9AF9888 Ref B: HKBEDGE0610 Ref C: 2022-12-09
Action.c(6):     T02:18:57Z\r\n
Action.c(6):     Date: Fri, 09 Dec 2022 02:18:57 GMT\r\n
Action.c(6):     \r\n
Action.c(6): t=1839ms: Request done "http://www.bing.com/rp/a282eRIAnHsW_URoyogdzsukm_o.gz.js"  	[MsgId: MMSG-26000]
Action.c(6): web_url("web_url") was successful, 41327 body bytes, 5920 header bytes  	[MsgId: MMSG-26386]
Action.c(13): Notify: Transaction "Test1" ended with a "Pass" status (Duration: 0.8447).	[MsgId: MMSG-16873]
Action.c(15): Notify: Transaction "Test2" started.	[MsgId: MMSG-16999]
Action.c(17): web_url("web_url") started  	[MsgId: MMSG-26355]
Action.c(17): t=1841ms: Closed connection [0] to www.bing.com:80 after completing 1 request(s)  	[MsgId: MMSG-26000]
Action.c(17): t=1841ms: Connecting [0] to host 13.107.21.200:80  	[MsgId: MMSG-26000]
Action.c(17): t=1883ms: Connected socket [0] from 192.168.100.5:18631 to 13.107.21.200:80 in 42 ms  	[MsgId: MMSG-26000]
Action.c(17): t=1883ms: 462-byte request headers for "http://bing.com" (RelFrameId=1, Internal ID=7)
Action.c(17):     GET / HTTP/1.1\r\n
Action.c(17):     User-Agent: Mozilla/5.0 (compatible; MSIE 10.0; Windows NT 6.1; Trident/6.0)\r\n
Action.c(17):     Accept-Encoding: gzip, deflate\r\n
Action.c(17):     Accept: */*\r\n
Action.c(17):     Connection: Keep-Alive\r\n
Action.c(17):     Host: bing.com\r\n
Action.c(17):     Cookie: SUID=M; MUID=1F6B095B489E61791C7B1B2E4947605A; _EDGE_S=F=1&SID=1E5DF19B645367000B4
Action.c(17):     1E3EE658A66B8; _EDGE_V=1; SRCHD=AF=NOFORM; SRCHUID=V=2&GUID=662C9D8A3E3744F283D1D5D0C4AC7E
Action.c(17):     76&dmnchg=1; SRCHUSR=DOB=20221209; SRCHHPGUSR=SRCHLANG=vi; _SS=SID=1E5DF19B645367000B41E3E
Action.c(17):     E658A66B8\r\n
Action.c(17):     \r\n
Action.c(17): t=1932ms: 224-byte response headers for "http://bing.com" (RelFrameId=1, Internal ID=7)
Action.c(17):     HTTP/1.1 301 Moved Permanently\r\n
Action.c(17):     Location: http://www.bing.com/\r\n
Action.c(17):     X-MSEdge-Ref: Ref A: 386AC57385664D14B5265EFBFBACD23E Ref B: HKBEDGE0621 Ref C: 2022-12-09
Action.c(17):     T02:18:57Z\r\n
Action.c(17):     Date: Fri, 09 Dec 2022 02:18:57 GMT\r\n
Action.c(17):     Content-Length: 0\r\n
Action.c(17):     \r\n
Action.c(17): Redirecting "http://bing.com" (redirection depth is 0)  	[MsgId: MMSG-26694]
Action.c(17): To location "http://www.bing.com/"  	[MsgId: MMSG-26693]
Action.c(17): t=1933ms: Request done "http://bing.com"  	[MsgId: MMSG-26000]
Action.c(17): t=1934ms: Already connected [1] to www.bing.com:80  	[MsgId: MMSG-26000]
Action.c(17): t=1934ms: 506-byte request headers for "http://www.bing.com/" (RelFrameId=1, Internal ID=8)
Action.c(17):     GET / HTTP/1.1\r\n
Action.c(17):     User-Agent: Mozilla/5.0 (compatible; MSIE 10.0; Windows NT 6.1; Trident/6.0)\r\n
Action.c(17):     Accept-Encoding: gzip, deflate\r\n
Action.c(17):     Accept: */*\r\n
Action.c(17):     Connection: Keep-Alive\r\n
Action.c(17):     Host: www.bing.com\r\n
Action.c(17):     Cookie: SUID=M; MUID=1F6B095B489E61791C7B1B2E4947605A; MUIDB=1F6B095B489E61791C7B1B2E49476
Action.c(17):     05A; _EDGE_S=F=1&SID=1E5DF19B645367000B41E3EE658A66B8; _EDGE_V=1; SRCHD=AF=NOFORM; SRCHUID
Action.c(17):     =V=2&GUID=662C9D8A3E3744F283D1D5D0C4AC7E76&dmnchg=1; SRCHUSR=DOB=20221209; SRCHHPGUSR=SRCH
Action.c(17):     LANG=vi; _SS=SID=1E5DF19B645367000B41E3EE658A66B8\r\n
Action.c(17):     \r\n
Action.c(17): t=2033ms: 526-byte response headers for "http://www.bing.com/" (RelFrameId=1, Internal ID=8)
Action.c(17):     HTTP/1.1 200 OK\r\n
Action.c(17):     Cache-Control: private, max-age=0\r\n
Action.c(17):     Content-Length: 40259\r\n
Action.c(17):     Content-Type: text/html; charset=utf-8\r\n
Action.c(17):     Content-Encoding: gzip\r\n
Action.c(17):     Vary: Accept-Encoding\r\n
Action.c(17):     P3P: CP="NON UNI COM NAV STA LOC CURa DEVa PSAa PSDa OUR IND"\r\n
Action.c(17):     Set-Cookie: MUIDB=1F6B095B489E61791C7B1B2E4947605A; expires=Wed, 03-Jan-2024 02:18:57 GMT;
Action.c(17):      path=/; HttpOnly\r\n
Action.c(17):     X-UA-Compatible: IE=edge\r\n
Action.c(17):     X-Cache: CONFIG_NOCACHE\r\n
Action.c(17):     X-MSEdge-Ref: Ref A: B199C1E5472649289E019FD2134F03E1 Ref B: HKBEDGE0612 Ref C: 2022-12-09
Action.c(17):     T02:18:57Z\r\n
Action.c(17):     Date: Fri, 09 Dec 2022 02:18:56 GMT\r\n
Action.c(17):     \r\n
Action.c(17): Resource "http://www.bing.com/rp/MDr1f9aJs4rBVf1F5DAtlALvweY.gz.js" is in the cache already and will not be downloaded again  	[MsgId: MMSG-26655]
Action.c(17): Resource "http://www.bing.com/rp/hceflue5sqxkKta9dP3R-IFtPuY.gz.js" is in the cache already and will not be downloaded again  	[MsgId: MMSG-26655]
Action.c(17): Resource "http://www.bing.com/rp/a282eRIAnHsW_URoyogdzsukm_o.gz.js" is in the cache already and will not be downloaded again  	[MsgId: MMSG-26655]
Action.c(17): Resource "http://www.bing.com/rp/svI82uPNFRD54V4bMLaeahXQXBI.gz.js" is in the cache already and will not be downloaded again  	[MsgId: MMSG-26655]
Action.c(17): t=2040ms: Request done "http://www.bing.com/"  	[MsgId: MMSG-26000]
Action.c(17): web_url("web_url") was successful, 40259 body bytes, 750 header bytes  	[MsgId: MMSG-26386]
Action.c(24): Notify: Transaction "Test2" ended with a "Pass" status (Duration: 0.1998).	[MsgId: MMSG-16873]
Action.c(26): Notify: Transaction "Test3" started.	[MsgId: MMSG-16999]
Action.c(28): web_url("web_url") started  	[MsgId: MMSG-26355]
Action.c(28): t=2041ms: Already connected [0] to bing.com:80  	[MsgId: MMSG-26000]
Action.c(28): t=2041ms: 462-byte request headers for "http://bing.com" (RelFrameId=1, Internal ID=9)
Action.c(28):     GET / HTTP/1.1\r\n
Action.c(28):     User-Agent: Mozilla/5.0 (compatible; MSIE 10.0; Windows NT 6.1; Trident/6.0)\r\n
Action.c(28):     Accept-Encoding: gzip, deflate\r\n
Action.c(28):     Accept: */*\r\n
Action.c(28):     Connection: Keep-Alive\r\n
Action.c(28):     Host: bing.com\r\n
Action.c(28):     Cookie: SUID=M; MUID=1F6B095B489E61791C7B1B2E4947605A; _EDGE_S=F=1&SID=1E5DF19B645367000B4
Action.c(28):     1E3EE658A66B8; _EDGE_V=1; SRCHD=AF=NOFORM; SRCHUID=V=2&GUID=662C9D8A3E3744F283D1D5D0C4AC7E
Action.c(28):     76&dmnchg=1; SRCHUSR=DOB=20221209; SRCHHPGUSR=SRCHLANG=vi; _SS=SID=1E5DF19B645367000B41E3E
Action.c(28):     E658A66B8\r\n
Action.c(28):     \r\n
Action.c(28): t=2084ms: 224-byte response headers for "http://bing.com" (RelFrameId=1, Internal ID=9)
Action.c(28):     HTTP/1.1 301 Moved Permanently\r\n
Action.c(28):     Location: http://www.bing.com/\r\n
Action.c(28):     X-MSEdge-Ref: Ref A: 10CE7D24D1924D979E4B3E50BFB143DD Ref B: HKBEDGE0621 Ref C: 2022-12-09
Action.c(28):     T02:18:58Z\r\n
Action.c(28):     Date: Fri, 09 Dec 2022 02:18:57 GMT\r\n
Action.c(28):     Content-Length: 0\r\n
Action.c(28):     \r\n
Action.c(28): Redirecting "http://bing.com" (redirection depth is 0)  	[MsgId: MMSG-26694]
Action.c(28): To location "http://www.bing.com/"  	[MsgId: MMSG-26693]
Action.c(28): t=2085ms: Request done "http://bing.com"  	[MsgId: MMSG-26000]
Action.c(28): t=2086ms: Already connected [1] to www.bing.com:80  	[MsgId: MMSG-26000]
Action.c(28): t=2086ms: 506-byte request headers for "http://www.bing.com/" (RelFrameId=1, Internal ID=10)
Action.c(28):     GET / HTTP/1.1\r\n
Action.c(28):     User-Agent: Mozilla/5.0 (compatible; MSIE 10.0; Windows NT 6.1; Trident/6.0)\r\n
Action.c(28):     Accept-Encoding: gzip, deflate\r\n
Action.c(28):     Accept: */*\r\n
Action.c(28):     Connection: Keep-Alive\r\n
Action.c(28):     Host: www.bing.com\r\n
Action.c(28):     Cookie: SUID=M; MUID=1F6B095B489E61791C7B1B2E4947605A; MUIDB=1F6B095B489E61791C7B1B2E49476
Action.c(28):     05A; _EDGE_S=F=1&SID=1E5DF19B645367000B41E3EE658A66B8; _EDGE_V=1; SRCHD=AF=NOFORM; SRCHUID
Action.c(28):     =V=2&GUID=662C9D8A3E3744F283D1D5D0C4AC7E76&dmnchg=1; SRCHUSR=DOB=20221209; SRCHHPGUSR=SRCH
Action.c(28):     LANG=vi; _SS=SID=1E5DF19B645367000B41E3EE658A66B8\r\n
Action.c(28):     \r\n
Action.c(28): t=2367ms: 526-byte response headers for "http://www.bing.com/" (RelFrameId=1, Internal ID=10)
Action.c(28):     HTTP/1.1 200 OK\r\n
Action.c(28):     Cache-Control: private, max-age=0\r\n
Action.c(28):     Content-Length: 40261\r\n
Action.c(28):     Content-Type: text/html; charset=utf-8\r\n
Action.c(28):     Content-Encoding: gzip\r\n
Action.c(28):     Vary: Accept-Encoding\r\n
Action.c(28):     P3P: CP="NON UNI COM NAV STA LOC CURa DEVa PSAa PSDa OUR IND"\r\n
Action.c(28):     Set-Cookie: MUIDB=1F6B095B489E61791C7B1B2E4947605A; expires=Wed, 03-Jan-2024 02:18:58 GMT;
Action.c(28):      path=/; HttpOnly\r\n
Action.c(28):     X-UA-Compatible: IE=edge\r\n
Action.c(28):     X-Cache: CONFIG_NOCACHE\r\n
Action.c(28):     X-MSEdge-Ref: Ref A: F519023C10DC4F53A4A877FDF15BCE84 Ref B: HKBEDGE0612 Ref C: 2022-12-09
Action.c(28):     T02:18:58Z\r\n
Action.c(28):     Date: Fri, 09 Dec 2022 02:18:58 GMT\r\n
Action.c(28):     \r\n
Action.c(28): Resource "http://www.bing.com/rp/MDr1f9aJs4rBVf1F5DAtlALvweY.gz.js" is in the cache already and will not be downloaded again  	[MsgId: MMSG-26655]
Action.c(28): Resource "http://www.bing.com/rp/hceflue5sqxkKta9dP3R-IFtPuY.gz.js" is in the cache already and will not be downloaded again  	[MsgId: MMSG-26655]
Action.c(28): Resource "http://www.bing.com/rp/a282eRIAnHsW_URoyogdzsukm_o.gz.js" is in the cache already and will not be downloaded again  	[MsgId: MMSG-26655]
Action.c(28): Resource "http://www.bing.com/rp/svI82uPNFRD54V4bMLaeahXQXBI.gz.js" is in the cache already and will not be downloaded again  	[MsgId: MMSG-26655]
Action.c(28): t=2371ms: Request done "http://www.bing.com/"  	[MsgId: MMSG-26000]
Action.c(28): web_url("web_url") was successful, 40261 body bytes, 750 header bytes  	[MsgId: MMSG-26386]
Action.c(35): Notify: Transaction "Test3" ended with a "Pass" status (Duration: 0.3311).	[MsgId: MMSG-16873]
Action.c(38): Notify: Transaction "Test4" started.	[MsgId: MMSG-16999]
Action.c(40): web_url("web_url") started  	[MsgId: MMSG-26355]
Action.c(40): t=2372ms: Already connected [0] to bing.com:80  	[MsgId: MMSG-26000]
Action.c(40): t=2373ms: 462-byte request headers for "http://bing.com" (RelFrameId=1, Internal ID=11)
Action.c(40):     GET / HTTP/1.1\r\n
Action.c(40):     User-Agent: Mozilla/5.0 (compatible; MSIE 10.0; Windows NT 6.1; Trident/6.0)\r\n
Action.c(40):     Accept-Encoding: gzip, deflate\r\n
Action.c(40):     Accept: */*\r\n
Action.c(40):     Connection: Keep-Alive\r\n
Action.c(40):     Host: bing.com\r\n
Action.c(40):     Cookie: SUID=M; MUID=1F6B095B489E61791C7B1B2E4947605A; _EDGE_S=F=1&SID=1E5DF19B645367000B4
Action.c(40):     1E3EE658A66B8; _EDGE_V=1; SRCHD=AF=NOFORM; SRCHUID=V=2&GUID=662C9D8A3E3744F283D1D5D0C4AC7E
Action.c(40):     76&dmnchg=1; SRCHUSR=DOB=20221209; SRCHHPGUSR=SRCHLANG=vi; _SS=SID=1E5DF19B645367000B41E3E
Action.c(40):     E658A66B8\r\n
Action.c(40):     \r\n
Action.c(40): t=2415ms: 224-byte response headers for "http://bing.com" (RelFrameId=1, Internal ID=11)
Action.c(40):     HTTP/1.1 301 Moved Permanently\r\n
Action.c(40):     Location: http://www.bing.com/\r\n
Action.c(40):     X-MSEdge-Ref: Ref A: CF11E58D4B9F4E1094214EBA2D7853A2 Ref B: HKBEDGE0621 Ref C: 2022-12-09
Action.c(40):     T02:18:58Z\r\n
Action.c(40):     Date: Fri, 09 Dec 2022 02:18:57 GMT\r\n
Action.c(40):     Content-Length: 0\r\n
Action.c(40):     \r\n
Action.c(40): Redirecting "http://bing.com" (redirection depth is 0)  	[MsgId: MMSG-26694]
Action.c(40): To location "http://www.bing.com/"  	[MsgId: MMSG-26693]
Action.c(40): t=2417ms: Request done "http://bing.com"  	[MsgId: MMSG-26000]
Action.c(40): t=2417ms: Already connected [1] to www.bing.com:80  	[MsgId: MMSG-26000]
Action.c(40): t=2417ms: 506-byte request headers for "http://www.bing.com/" (RelFrameId=1, Internal ID=12)
Action.c(40):     GET / HTTP/1.1\r\n
Action.c(40):     User-Agent: Mozilla/5.0 (compatible; MSIE 10.0; Windows NT 6.1; Trident/6.0)\r\n
Action.c(40):     Accept-Encoding: gzip, deflate\r\n
Action.c(40):     Accept: */*\r\n
Action.c(40):     Connection: Keep-Alive\r\n
Action.c(40):     Host: www.bing.com\r\n
Action.c(40):     Cookie: SUID=M; MUID=1F6B095B489E61791C7B1B2E4947605A; MUIDB=1F6B095B489E61791C7B1B2E49476
Action.c(40):     05A; _EDGE_S=F=1&SID=1E5DF19B645367000B41E3EE658A66B8; _EDGE_V=1; SRCHD=AF=NOFORM; SRCHUID
Action.c(40):     =V=2&GUID=662C9D8A3E3744F283D1D5D0C4AC7E76&dmnchg=1; SRCHUSR=DOB=20221209; SRCHHPGUSR=SRCH
Action.c(40):     LANG=vi; _SS=SID=1E5DF19B645367000B41E3EE658A66B8\r\n
Action.c(40):     \r\n
Action.c(40): t=2534ms: 526-byte response headers for "http://www.bing.com/" (RelFrameId=1, Internal ID=12)
Action.c(40):     HTTP/1.1 200 OK\r\n
Action.c(40):     Cache-Control: private, max-age=0\r\n
Action.c(40):     Content-Length: 40261\r\n
Action.c(40):     Content-Type: text/html; charset=utf-8\r\n
Action.c(40):     Content-Encoding: gzip\r\n
Action.c(40):     Vary: Accept-Encoding\r\n
Action.c(40):     P3P: CP="NON UNI COM NAV STA LOC CURa DEVa PSAa PSDa OUR IND"\r\n
Action.c(40):     Set-Cookie: MUIDB=1F6B095B489E61791C7B1B2E4947605A; expires=Wed, 03-Jan-2024 02:18:58 GMT;
Action.c(40):      path=/; HttpOnly\r\n
Action.c(40):     X-UA-Compatible: IE=edge\r\n
Action.c(40):     X-Cache: CONFIG_NOCACHE\r\n
Action.c(40):     X-MSEdge-Ref: Ref A: 7C71749EB21A45DAB65B8093D487B51B Ref B: HKBEDGE0612 Ref C: 2022-12-09
Action.c(40):     T02:18:58Z\r\n
Action.c(40):     Date: Fri, 09 Dec 2022 02:18:58 GMT\r\n
Action.c(40):     \r\n
Action.c(40): Resource "http://www.bing.com/rp/MDr1f9aJs4rBVf1F5DAtlALvweY.gz.js" is in the cache already and will not be downloaded again  	[MsgId: MMSG-26655]
Action.c(40): Resource "http://www.bing.com/rp/hceflue5sqxkKta9dP3R-IFtPuY.gz.js" is in the cache already and will not be downloaded again  	[MsgId: MMSG-26655]
Action.c(40): Resource "http://www.bing.com/rp/a282eRIAnHsW_URoyogdzsukm_o.gz.js" is in the cache already and will not be downloaded again  	[MsgId: MMSG-26655]
Action.c(40): Resource "http://www.bing.com/rp/svI82uPNFRD54V4bMLaeahXQXBI.gz.js" is in the cache already and will not be downloaded again  	[MsgId: MMSG-26655]
Action.c(40): t=2545ms: Request done "http://www.bing.com/"  	[MsgId: MMSG-26000]
Action.c(40): web_url("web_url") was successful, 40261 body bytes, 750 header bytes  	[MsgId: MMSG-26386]
Action.c(47): Notify: Transaction "Test4" ended with a "Pass" status (Duration: 0.1739).	[MsgId: MMSG-16873]
Action.c(50): Notify: Transaction "Test5" started.	[MsgId: MMSG-16999]
Action.c(52): web_url("web_url") started  	[MsgId: MMSG-26355]
Action.c(52): t=2547ms: Already connected [0] to bing.com:80  	[MsgId: MMSG-26000]
Action.c(52): t=2547ms: 462-byte request headers for "http://bing.com" (RelFrameId=1, Internal ID=13)
Action.c(52):     GET / HTTP/1.1\r\n
Action.c(52):     User-Agent: Mozilla/5.0 (compatible; MSIE 10.0; Windows NT 6.1; Trident/6.0)\r\n
Action.c(52):     Accept-Encoding: gzip, deflate\r\n
Action.c(52):     Accept: */*\r\n
Action.c(52):     Connection: Keep-Alive\r\n
Action.c(52):     Host: bing.com\r\n
Action.c(52):     Cookie: SUID=M; MUID=1F6B095B489E61791C7B1B2E4947605A; _EDGE_S=F=1&SID=1E5DF19B645367000B4
Action.c(52):     1E3EE658A66B8; _EDGE_V=1; SRCHD=AF=NOFORM; SRCHUID=V=2&GUID=662C9D8A3E3744F283D1D5D0C4AC7E
Action.c(52):     76&dmnchg=1; SRCHUSR=DOB=20221209; SRCHHPGUSR=SRCHLANG=vi; _SS=SID=1E5DF19B645367000B41E3E
Action.c(52):     E658A66B8\r\n
Action.c(52):     \r\n
Action.c(52): t=2595ms: 224-byte response headers for "http://bing.com" (RelFrameId=1, Internal ID=13)
Action.c(52):     HTTP/1.1 301 Moved Permanently\r\n
Action.c(52):     Location: http://www.bing.com/\r\n
Action.c(52):     X-MSEdge-Ref: Ref A: AF9A0BBA409C4115A2D42C437F64B3B7 Ref B: HKBEDGE0621 Ref C: 2022-12-09
Action.c(52):     T02:18:58Z\r\n
Action.c(52):     Date: Fri, 09 Dec 2022 02:18:58 GMT\r\n
Action.c(52):     Content-Length: 0\r\n
Action.c(52):     \r\n
Action.c(52): Redirecting "http://bing.com" (redirection depth is 0)  	[MsgId: MMSG-26694]
Action.c(52): To location "http://www.bing.com/"  	[MsgId: MMSG-26693]
Action.c(52): t=2598ms: Request done "http://bing.com"  	[MsgId: MMSG-26000]
Action.c(52): t=2598ms: Already connected [1] to www.bing.com:80  	[MsgId: MMSG-26000]
Action.c(52): t=2598ms: 506-byte request headers for "http://www.bing.com/" (RelFrameId=1, Internal ID=14)
Action.c(52):     GET / HTTP/1.1\r\n
Action.c(52):     User-Agent: Mozilla/5.0 (compatible; MSIE 10.0; Windows NT 6.1; Trident/6.0)\r\n
Action.c(52):     Accept-Encoding: gzip, deflate\r\n
Action.c(52):     Accept: */*\r\n
Action.c(52):     Connection: Keep-Alive\r\n
Action.c(52):     Host: www.bing.com\r\n
Action.c(52):     Cookie: SUID=M; MUID=1F6B095B489E61791C7B1B2E4947605A; MUIDB=1F6B095B489E61791C7B1B2E49476
Action.c(52):     05A; _EDGE_S=F=1&SID=1E5DF19B645367000B41E3EE658A66B8; _EDGE_V=1; SRCHD=AF=NOFORM; SRCHUID
Action.c(52):     =V=2&GUID=662C9D8A3E3744F283D1D5D0C4AC7E76&dmnchg=1; SRCHUSR=DOB=20221209; SRCHHPGUSR=SRCH
Action.c(52):     LANG=vi; _SS=SID=1E5DF19B645367000B41E3EE658A66B8\r\n
Action.c(52):     \r\n
Action.c(52): t=2699ms: 526-byte response headers for "http://www.bing.com/" (RelFrameId=1, Internal ID=14)
Action.c(52):     HTTP/1.1 200 OK\r\n
Action.c(52):     Cache-Control: private, max-age=0\r\n
Action.c(52):     Content-Length: 40264\r\n
Action.c(52):     Content-Type: text/html; charset=utf-8\r\n
Action.c(52):     Content-Encoding: gzip\r\n
Action.c(52):     Vary: Accept-Encoding\r\n
Action.c(52):     P3P: CP="NON UNI COM NAV STA LOC CURa DEVa PSAa PSDa OUR IND"\r\n
Action.c(52):     Set-Cookie: MUIDB=1F6B095B489E61791C7B1B2E4947605A; expires=Wed, 03-Jan-2024 02:18:58 GMT;
Action.c(52):      path=/; HttpOnly\r\n
Action.c(52):     X-UA-Compatible: IE=edge\r\n
Action.c(52):     X-Cache: CONFIG_NOCACHE\r\n
Action.c(52):     X-MSEdge-Ref: Ref A: 18DFD13A546445B08DEE044C54E87442 Ref B: HKBEDGE0612 Ref C: 2022-12-09
Action.c(52):     T02:18:58Z\r\n
Action.c(52):     Date: Fri, 09 Dec 2022 02:18:58 GMT\r\n
Action.c(52):     \r\n
Action.c(52): Resource "http://www.bing.com/rp/MDr1f9aJs4rBVf1F5DAtlALvweY.gz.js" is in the cache already and will not be downloaded again  	[MsgId: MMSG-26655]
Action.c(52): Resource "http://www.bing.com/rp/hceflue5sqxkKta9dP3R-IFtPuY.gz.js" is in the cache already and will not be downloaded again  	[MsgId: MMSG-26655]
Action.c(52): Resource "http://www.bing.com/rp/a282eRIAnHsW_URoyogdzsukm_o.gz.js" is in the cache already and will not be downloaded again  	[MsgId: MMSG-26655]
Action.c(52): Resource "http://www.bing.com/rp/svI82uPNFRD54V4bMLaeahXQXBI.gz.js" is in the cache already and will not be downloaded again  	[MsgId: MMSG-26655]
Action.c(52): t=2705ms: Request done "http://www.bing.com/"  	[MsgId: MMSG-26000]
Action.c(52): web_url("web_url") was successful, 40264 body bytes, 750 header bytes  	[MsgId: MMSG-26386]
Action.c(59): Notify: Transaction "Test5" ended with a "Pass" status (Duration: 0.1594).	[MsgId: MMSG-16873]
Action.c(62): Notify: Transaction "Test6" started.	[MsgId: MMSG-16999]
Action.c(64): web_url("web_url") started  	[MsgId: MMSG-26355]
Action.c(64): t=2706ms: Already connected [0] to bing.com:80  	[MsgId: MMSG-26000]
Action.c(64): t=2707ms: 462-byte request headers for "http://bing.com" (RelFrameId=1, Internal ID=15)
Action.c(64):     GET / HTTP/1.1\r\n
Action.c(64):     User-Agent: Mozilla/5.0 (compatible; MSIE 10.0; Windows NT 6.1; Trident/6.0)\r\n
Action.c(64):     Accept-Encoding: gzip, deflate\r\n
Action.c(64):     Accept: */*\r\n
Action.c(64):     Connection: Keep-Alive\r\n
Action.c(64):     Host: bing.com\r\n
Action.c(64):     Cookie: SUID=M; MUID=1F6B095B489E61791C7B1B2E4947605A; _EDGE_S=F=1&SID=1E5DF19B645367000B4
Action.c(64):     1E3EE658A66B8; _EDGE_V=1; SRCHD=AF=NOFORM; SRCHUID=V=2&GUID=662C9D8A3E3744F283D1D5D0C4AC7E
Action.c(64):     76&dmnchg=1; SRCHUSR=DOB=20221209; SRCHHPGUSR=SRCHLANG=vi; _SS=SID=1E5DF19B645367000B41E3E
Action.c(64):     E658A66B8\r\n
Action.c(64):     \r\n
Action.c(64): t=2749ms: 224-byte response headers for "http://bing.com" (RelFrameId=1, Internal ID=15)
Action.c(64):     HTTP/1.1 301 Moved Permanently\r\n
Action.c(64):     Location: http://www.bing.com/\r\n
Action.c(64):     X-MSEdge-Ref: Ref A: D6F31EE79903446281B00EFD9FA3FD03 Ref B: HKBEDGE0621 Ref C: 2022-12-09
Action.c(64):     T02:18:58Z\r\n
Action.c(64):     Date: Fri, 09 Dec 2022 02:18:58 GMT\r\n
Action.c(64):     Content-Length: 0\r\n
Action.c(64):     \r\n
Action.c(64): Redirecting "http://bing.com" (redirection depth is 0)  	[MsgId: MMSG-26694]
Action.c(64): To location "http://www.bing.com/"  	[MsgId: MMSG-26693]
Action.c(64): t=2751ms: Request done "http://bing.com"  	[MsgId: MMSG-26000]
Action.c(64): t=2751ms: Already connected [1] to www.bing.com:80  	[MsgId: MMSG-26000]
Action.c(64): t=2751ms: 506-byte request headers for "http://www.bing.com/" (RelFrameId=1, Internal ID=16)
Action.c(64):     GET / HTTP/1.1\r\n
Action.c(64):     User-Agent: Mozilla/5.0 (compatible; MSIE 10.0; Windows NT 6.1; Trident/6.0)\r\n
Action.c(64):     Accept-Encoding: gzip, deflate\r\n
Action.c(64):     Accept: */*\r\n
Action.c(64):     Connection: Keep-Alive\r\n
Action.c(64):     Host: www.bing.com\r\n
Action.c(64):     Cookie: SUID=M; MUID=1F6B095B489E61791C7B1B2E4947605A; MUIDB=1F6B095B489E61791C7B1B2E49476
Action.c(64):     05A; _EDGE_S=F=1&SID=1E5DF19B645367000B41E3EE658A66B8; _EDGE_V=1; SRCHD=AF=NOFORM; SRCHUID
Action.c(64):     =V=2&GUID=662C9D8A3E3744F283D1D5D0C4AC7E76&dmnchg=1; SRCHUSR=DOB=20221209; SRCHHPGUSR=SRCH
Action.c(64):     LANG=vi; _SS=SID=1E5DF19B645367000B41E3EE658A66B8\r\n
Action.c(64):     \r\n
Action.c(64): t=2852ms: 526-byte response headers for "http://www.bing.com/" (RelFrameId=1, Internal ID=16)
Action.c(64):     HTTP/1.1 200 OK\r\n
Action.c(64):     Cache-Control: private, max-age=0\r\n
Action.c(64):     Content-Length: 40261\r\n
Action.c(64):     Content-Type: text/html; charset=utf-8\r\n
Action.c(64):     Content-Encoding: gzip\r\n
Action.c(64):     Vary: Accept-Encoding\r\n
Action.c(64):     P3P: CP="NON UNI COM NAV STA LOC CURa DEVa PSAa PSDa OUR IND"\r\n
Action.c(64):     Set-Cookie: MUIDB=1F6B095B489E61791C7B1B2E4947605A; expires=Wed, 03-Jan-2024 02:18:58 GMT;
Action.c(64):      path=/; HttpOnly\r\n
Action.c(64):     X-UA-Compatible: IE=edge\r\n
Action.c(64):     X-Cache: CONFIG_NOCACHE\r\n
Action.c(64):     X-MSEdge-Ref: Ref A: F6C42420D97C410DA5A5BCBD72378DA3 Ref B: HKBEDGE0612 Ref C: 2022-12-09
Action.c(64):     T02:18:58Z\r\n
Action.c(64):     Date: Fri, 09 Dec 2022 02:18:58 GMT\r\n
Action.c(64):     \r\n
Action.c(64): Resource "http://www.bing.com/rp/MDr1f9aJs4rBVf1F5DAtlALvweY.gz.js" is in the cache already and will not be downloaded again  	[MsgId: MMSG-26655]
Action.c(64): Resource "http://www.bing.com/rp/hceflue5sqxkKta9dP3R-IFtPuY.gz.js" is in the cache already and will not be downloaded again  	[MsgId: MMSG-26655]
Action.c(64): Resource "http://www.bing.com/rp/a282eRIAnHsW_URoyogdzsukm_o.gz.js" is in the cache already and will not be downloaded again  	[MsgId: MMSG-26655]
Action.c(64): Resource "http://www.bing.com/rp/svI82uPNFRD54V4bMLaeahXQXBI.gz.js" is in the cache already and will not be downloaded again  	[MsgId: MMSG-26655]
Action.c(64): t=2857ms: Request done "http://www.bing.com/"  	[MsgId: MMSG-26000]
Action.c(64): web_url("web_url") was successful, 40261 body bytes, 750 header bytes  	[MsgId: MMSG-26386]
Action.c(71): Notify: Transaction "Test6" ended with a "Pass" status (Duration: 0.1517).	[MsgId: MMSG-16873]
Ending action Action.	[MsgId: MMSG-15918]
Ending iteration 1.	[MsgId: MMSG-15965]
Starting iteration 2.	[MsgId: MMSG-15968]
t=2858ms: Closed connection [0] to bing.com:80 after completing 5 request(s)  	[MsgId: MMSG-26000]
t=2859ms: Closed connection [1] to www.bing.com:80 after completing 6 request(s)  	[MsgId: MMSG-26000]
t=2859ms: Closed connection [2] to www.bing.com:80 after completing 1 request(s)  	[MsgId: MMSG-26000]
t=2859ms: Closed connection [3] to www.bing.com:80 after completing 1 request(s)  	[MsgId: MMSG-26000]
t=2859ms: Closed connection [4] to www.bing.com:80 after completing 1 request(s)  	[MsgId: MMSG-26000]
Resetting all proxy auto-configuration information  	[MsgId: MMSG-26000]
Starting action Action.	[MsgId: MMSG-15919]
Action.c(4): Notify: Transaction "Test1" started.	[MsgId: MMSG-16999]
Action.c(6): web_url("web_url") started  	[MsgId: MMSG-26355]
Action.c(6): t=2860ms: Connecting [0] to host 13.107.21.200:80  	[MsgId: MMSG-26000]
Action.c(6): t=2900ms: Connected socket [0] from 192.168.100.5:18633 to 13.107.21.200:80 in 40 ms  	[MsgId: MMSG-26000]
Action.c(6): t=2900ms: 181-byte request headers for "http://bing.com" (RelFrameId=1, Internal ID=17)
Action.c(6):     GET / HTTP/1.1\r\n
Action.c(6):     User-Agent: Mozilla/5.0 (compatible; MSIE 10.0; Windows NT 6.1; Trident/6.0)\r\n
Action.c(6):     Accept-Encoding: gzip, deflate\r\n
Action.c(6):     Accept: */*\r\n
Action.c(6):     Connection: Keep-Alive\r\n
Action.c(6):     Host: bing.com\r\n
Action.c(6):     \r\n
Action.c(6): t=2944ms: 224-byte response headers for "http://bing.com" (RelFrameId=1, Internal ID=17)
Action.c(6):     HTTP/1.1 301 Moved Permanently\r\n
Action.c(6):     Location: http://www.bing.com/\r\n
Action.c(6):     X-MSEdge-Ref: Ref A: 712E090F63B14AC6ADE17CE18BE10793 Ref B: HKBEDGE0615 Ref C: 2022-12-09
Action.c(6):     T02:18:58Z\r\n
Action.c(6):     Date: Fri, 09 Dec 2022 02:18:57 GMT\r\n
Action.c(6):     Content-Length: 0\r\n
Action.c(6):     \r\n
Action.c(6): Redirecting "http://bing.com" (redirection depth is 0)  	[MsgId: MMSG-26694]
Action.c(6): To location "http://www.bing.com/"  	[MsgId: MMSG-26693]
Action.c(6): t=2945ms: Request done "http://bing.com"  	[MsgId: MMSG-26000]
Action.c(6): t=2946ms: Connecting [1] to host 204.79.197.200:80  	[MsgId: MMSG-26000]
Action.c(6): t=2992ms: Connected socket [1] from 192.168.100.5:18634 to 204.79.197.200:80 in 46 ms  	[MsgId: MMSG-26000]
Action.c(6): t=2993ms: 185-byte request headers for "http://www.bing.com/" (RelFrameId=1, Internal ID=18)
Action.c(6):     GET / HTTP/1.1\r\n
Action.c(6):     User-Agent: Mozilla/5.0 (compatible; MSIE 10.0; Windows NT 6.1; Trident/6.0)\r\n
Action.c(6):     Accept-Encoding: gzip, deflate\r\n
Action.c(6):     Accept: */*\r\n
Action.c(6):     Connection: Keep-Alive\r\n
Action.c(6):     Host: www.bing.com\r\n
Action.c(6):     \r\n
Action.c(6): t=3215ms: 1444-byte response headers for "http://www.bing.com/" (RelFrameId=1, Internal ID=18)
Action.c(6):     HTTP/1.1 200 OK\r\n
Action.c(6):     Cache-Control: private, max-age=0\r\n
Action.c(6):     Content-Length: 40507\r\n
Action.c(6):     Content-Type: text/html; charset=utf-8\r\n
Action.c(6):     Content-Encoding: gzip\r\n
Action.c(6):     Vary: Accept-Encoding\r\n
Action.c(6):     P3P: CP="NON UNI COM NAV STA LOC CURa DEVa PSAa PSDa OUR IND"\r\n
Action.c(6):     Set-Cookie: SUID=M; domain=.bing.com; expires=Fri, 09-Dec-2022 14:18:59 GMT; path=/; HttpO
Action.c(6):     nly\r\n
Action.c(6):     Set-Cookie: MUID=364B2FE01367695D10483D9512BE6806; domain=.bing.com; expires=Wed, 03-Jan-2
Action.c(6):     024 02:18:59 GMT; path=/\r\n
Action.c(6):     Set-Cookie: MUIDB=364B2FE01367695D10483D9512BE6806; expires=Wed, 03-Jan-2024 02:18:59 GMT;
Action.c(6):      path=/; HttpOnly\r\n
Action.c(6):     Set-Cookie: _EDGE_S=F=1&SID=099CBE5FE4A96E87338CAC2AE5706F77; domain=.bing.com; path=/; Ht
Action.c(6):     tpOnly\r\n
Action.c(6):     Set-Cookie: _EDGE_V=1; domain=.bing.com; expires=Wed, 03-Jan-2024 02:18:59 GMT; path=/; Ht
Action.c(6):     tpOnly\r\n
Action.c(6):     Set-Cookie: SRCHD=AF=NOFORM; domain=.bing.com; expires=Mon, 09-Dec-2024 02:18:59 GMT; path
Action.c(6):     =/\r\n
Action.c(6):     Set-Cookie: SRCHUID=V=2&GUID=A98FB86E7B364F0A8D7510B29F7D7E3C&dmnchg=1; domain=.bing.com; 
Action.c(6):     expires=Mon, 09-Dec-2024 02:18:59 GMT; path=/\r\n
Action.c(6):     Set-Cookie: SRCHUSR=DOB=20221209; domain=.bing.com; expires=Mon, 09-Dec-2024 02:18:59 GMT;
Action.c(6):      path=/\r\n
Action.c(6):     Set-Cookie: SRCHHPGUSR=SRCHLANG=vi; domain=.bing.com; expires=Mon, 09-Dec-2024 02:18:59 GM
Action.c(6):     T; path=/\r\n
Action.c(6):     Set-Cookie: _SS=SID=099CBE5FE4A96E87338CAC2AE5706F77; domain=.bing.com; path=/\r\n
Action.c(6):     X-UA-Compatible: IE=edge\r\n
Action.c(6):     X-Cache: CONFIG_NOCACHE\r\n
Action.c(6):     X-MSEdge-Ref: Ref A: 284CF3C9EC8F46AB954241B4CB92BB62 Ref B: HKBEDGE0612 Ref C: 2022-12-09
Action.c(6):     T02:18:58Z\r\n
Action.c(6):     Date: Fri, 09 Dec 2022 02:18:59 GMT\r\n
Action.c(6):     \r\n
Action.c(6): Found resource "http://www.bing.com/rp/MDr1f9aJs4rBVf1F5DAtlALvweY.gz.js" in HTML "http://www.bing.com/"  	[MsgId: MMSG-26659]
Action.c(6): Found resource "http://www.bing.com/rp/hceflue5sqxkKta9dP3R-IFtPuY.gz.js" in HTML "http://www.bing.com/"  	[MsgId: MMSG-26659]
Action.c(6): Found resource "http://www.bing.com/rp/a282eRIAnHsW_URoyogdzsukm_o.gz.js" in HTML "http://www.bing.com/"  	[MsgId: MMSG-26659]
Action.c(6): Found resource "http://www.bing.com/rp/svI82uPNFRD54V4bMLaeahXQXBI.gz.js" in HTML "http://www.bing.com/"  	[MsgId: MMSG-26659]
Action.c(6): t=3226ms: Connecting [2] to host 204.79.197.200:80  	[MsgId: MMSG-26000]
Action.c(6): t=3227ms: Connecting [3] to host 204.79.197.200:80  	[MsgId: MMSG-26000]
Action.c(6): t=3228ms: Connecting [4] to host 204.79.197.200:80  	[MsgId: MMSG-26000]
Action.c(6): t=3228ms: Closed connection [0] to bing.com:80 after completing 1 request(s)  	[MsgId: MMSG-26000]
Action.c(6): t=3229ms: Connecting [0] to host 204.79.197.200:80  	[MsgId: MMSG-26000]
Action.c(6): t=3257ms: Request done "http://www.bing.com/"  	[MsgId: MMSG-26000]
Action.c(6): t=3271ms: Connected socket [4] from 192.168.100.5:18637 to 204.79.197.200:80 in 43 ms  	[MsgId: MMSG-26000]
Action.c(6): t=3272ms: 573-byte request headers for "http://www.bing.com/rp/a282eRIAnHsW_URoyogdzsukm_o.gz.js" (RelFrameId=, Internal ID=21)
Action.c(6):     GET /rp/a282eRIAnHsW_URoyogdzsukm_o.gz.js HTTP/1.1\r\n
Action.c(6):     Referer: http://www.bing.com/\r\n
Action.c(6):     User-Agent: Mozilla/5.0 (compatible; MSIE 10.0; Windows NT 6.1; Trident/6.0)\r\n
Action.c(6):     Accept-Encoding: gzip, deflate\r\n
Action.c(6):     Accept: */*\r\n
Action.c(6):     Connection: Keep-Alive\r\n
Action.c(6):     Host: www.bing.com\r\n
Action.c(6):     Cookie: SUID=M; MUID=364B2FE01367695D10483D9512BE6806; MUIDB=364B2FE01367695D10483D9512BE6
Action.c(6):     806; _EDGE_S=F=1&SID=099CBE5FE4A96E87338CAC2AE5706F77; _EDGE_V=1; SRCHD=AF=NOFORM; SRCHUID
Action.c(6):     =V=2&GUID=A98FB86E7B364F0A8D7510B29F7D7E3C&dmnchg=1; SRCHUSR=DOB=20221209; SRCHHPGUSR=SRCH
Action.c(6):     LANG=vi; _SS=SID=099CBE5FE4A96E87338CAC2AE5706F77\r\n
Action.c(6):     \r\n
Action.c(6): t=3275ms: Connected socket [0] from 192.168.100.5:18638 to 204.79.197.200:80 in 45 ms  	[MsgId: MMSG-26000]
Action.c(6): t=3275ms: 573-byte request headers for "http://www.bing.com/rp/svI82uPNFRD54V4bMLaeahXQXBI.gz.js" (RelFrameId=, Internal ID=22)
Action.c(6):     GET /rp/svI82uPNFRD54V4bMLaeahXQXBI.gz.js HTTP/1.1\r\n
Action.c(6):     Referer: http://www.bing.com/\r\n
Action.c(6):     User-Agent: Mozilla/5.0 (compatible; MSIE 10.0; Windows NT 6.1; Trident/6.0)\r\n
Action.c(6):     Accept-Encoding: gzip, deflate\r\n
Action.c(6):     Accept: */*\r\n
Action.c(6):     Connection: Keep-Alive\r\n
Action.c(6):     Host: www.bing.com\r\n
Action.c(6):     Cookie: SUID=M; MUID=364B2FE01367695D10483D9512BE6806; MUIDB=364B2FE01367695D10483D9512BE6
Action.c(6):     806; _EDGE_S=F=1&SID=099CBE5FE4A96E87338CAC2AE5706F77; _EDGE_V=1; SRCHD=AF=NOFORM; SRCHUID
Action.c(6):     =V=2&GUID=A98FB86E7B364F0A8D7510B29F7D7E3C&dmnchg=1; SRCHUSR=DOB=20221209; SRCHHPGUSR=SRCH
Action.c(6):     LANG=vi; _SS=SID=099CBE5FE4A96E87338CAC2AE5706F77\r\n
Action.c(6):     \r\n
Action.c(6): t=3278ms: Connected socket [2] from 192.168.100.5:18635 to 204.79.197.200:80 in 51 ms  	[MsgId: MMSG-26000]
Action.c(6): t=3279ms: 573-byte request headers for "http://www.bing.com/rp/MDr1f9aJs4rBVf1F5DAtlALvweY.gz.js" (RelFrameId=, Internal ID=19)
Action.c(6):     GET /rp/MDr1f9aJs4rBVf1F5DAtlALvweY.gz.js HTTP/1.1\r\n
Action.c(6):     Referer: http://www.bing.com/\r\n
Action.c(6):     User-Agent: Mozilla/5.0 (compatible; MSIE 10.0; Windows NT 6.1; Trident/6.0)\r\n
Action.c(6):     Accept-Encoding: gzip, deflate\r\n
Action.c(6):     Accept: */*\r\n
Action.c(6):     Connection: Keep-Alive\r\n
Action.c(6):     Host: www.bing.com\r\n
Action.c(6):     Cookie: SUID=M; MUID=364B2FE01367695D10483D9512BE6806; MUIDB=364B2FE01367695D10483D9512BE6
Action.c(6):     806; _EDGE_S=F=1&SID=099CBE5FE4A96E87338CAC2AE5706F77; _EDGE_V=1; SRCHD=AF=NOFORM; SRCHUID
Action.c(6):     =V=2&GUID=A98FB86E7B364F0A8D7510B29F7D7E3C&dmnchg=1; SRCHUSR=DOB=20221209; SRCHHPGUSR=SRCH
Action.c(6):     LANG=vi; _SS=SID=099CBE5FE4A96E87338CAC2AE5706F77\r\n
Action.c(6):     \r\n
Action.c(6): t=3281ms: Connected socket [3] from 192.168.100.5:18636 to 204.79.197.200:80 in 53 ms  	[MsgId: MMSG-26000]
Action.c(6): t=3281ms: 573-byte request headers for "http://www.bing.com/rp/hceflue5sqxkKta9dP3R-IFtPuY.gz.js" (RelFrameId=, Internal ID=20)
Action.c(6):     GET /rp/hceflue5sqxkKta9dP3R-IFtPuY.gz.js HTTP/1.1\r\n
Action.c(6):     Referer: http://www.bing.com/\r\n
Action.c(6):     User-Agent: Mozilla/5.0 (compatible; MSIE 10.0; Windows NT 6.1; Trident/6.0)\r\n
Action.c(6):     Accept-Encoding: gzip, deflate\r\n
Action.c(6):     Accept: */*\r\n
Action.c(6):     Connection: Keep-Alive\r\n
Action.c(6):     Host: www.bing.com\r\n
Action.c(6):     Cookie: SUID=M; MUID=364B2FE01367695D10483D9512BE6806; MUIDB=364B2FE01367695D10483D9512BE6
Action.c(6):     806; _EDGE_S=F=1&SID=099CBE5FE4A96E87338CAC2AE5706F77; _EDGE_V=1; SRCHD=AF=NOFORM; SRCHUID
Action.c(6):     =V=2&GUID=A98FB86E7B364F0A8D7510B29F7D7E3C&dmnchg=1; SRCHUSR=DOB=20221209; SRCHHPGUSR=SRCH
Action.c(6):     LANG=vi; _SS=SID=099CBE5FE4A96E87338CAC2AE5706F77\r\n
Action.c(6):     \r\n
Action.c(6): t=3319ms: 1063-byte response headers for "http://www.bing.com/rp/a282eRIAnHsW_URoyogdzsukm_o.gz.js" (RelFrameId=, Internal ID=21)
Action.c(6):     HTTP/1.1 200 OK\r\n
Action.c(6):     Cache-Control: public, max-age=432000\r\n
Action.c(6):     Content-Length: 293\r\n
Action.c(6):     Content-Type: application/x-javascript; charset=utf-8\r\n
Action.c(6):     Content-Encoding: gzip\r\n
Action.c(6):     Content-MD5: tJ3atKMUU9A6FxXCYWJhEw==\r\n
Action.c(6):     Last-Modified: Wed, 24 Jun 2020 04:40:23 GMT\r\n
Action.c(6):     ETag: 0x8D817F8B55178B4\r\n
Action.c(6):     Server: Windows-Azure-Blob/1.0 Microsoft-HTTPAPI/2.0\r\n
Action.c(6):     X-Cache: TCP_HIT\r\n
Action.c(6):     x-ms-request-id: 5ede98ec-b01e-006a-7454-084ad2000000\r\n
Action.c(6):     x-ms-version: 2009-09-19\r\n
Action.c(6):     x-ms-lease-status: unlocked\r\n
Action.c(6):     x-ms-blob-type: BlockBlob\r\n
Action.c(6):     Access-Control-Allow-Origin: *\r\n
Action.c(6):     X-Azure-Ref-OriginShield: Ref A: 655A1E8B8F7A4276B969547489C1EDAB Ref B: SG2EDGE2405 Ref C
Action.c(6):     : 2022-12-07T22:53:01Z\r\n
Action.c(6):     timing-allow-origin: *\r\n
Action.c(6):     cross-origin-resource-policy: cross-origin\r\n
Action.c(6):     nel: {"report_to":"network-errors","max_age":604800,"success_fraction":0.001,"failure_frac
Action.c(6):     tion":1.0}\r\n
Action.c(6):     report-to: {"group":"network-errors","max_age":604800,"endpoints":[{"url":"https://aefd.ne
Action.c(6):     lreports.net/api/report?cat=bingaot"}]}\r\n
Action.c(6):     X-MSEdge-Ref: Ref A: 0A77F3F9ABB14EB3A2C3861E3F78E1C0 Ref B: HKBEDGE0607 Ref C: 2022-12-09
Action.c(6):     T02:18:59Z\r\n
Action.c(6):     Date: Fri, 09 Dec 2022 02:18:58 GMT\r\n
Action.c(6):     \r\n
Action.c(6): t=3323ms: Request done "http://www.bing.com/rp/a282eRIAnHsW_URoyogdzsukm_o.gz.js"  	[MsgId: MMSG-26000]
Action.c(6): t=3324ms: 1063-byte response headers for "http://www.bing.com/rp/MDr1f9aJs4rBVf1F5DAtlALvweY.gz.js" (RelFrameId=, Internal ID=19)
Action.c(6):     HTTP/1.1 200 OK\r\n
Action.c(6):     Cache-Control: public, max-age=432000\r\n
Action.c(6):     Content-Length: 162\r\n
Action.c(6):     Content-Type: application/x-javascript; charset=utf-8\r\n
Action.c(6):     Content-Encoding: gzip\r\n
Action.c(6):     Content-MD5: IHjOpTMXJrZ3Ud4HhBL6IQ==\r\n
Action.c(6):     Last-Modified: Wed, 24 Jun 2020 04:38:24 GMT\r\n
Action.c(6):     ETag: 0x8D817F86E683853\r\n
Action.c(6):     Server: Windows-Azure-Blob/1.0 Microsoft-HTTPAPI/2.0\r\n
Action.c(6):     X-Cache: TCP_HIT\r\n
Action.c(6):     x-ms-request-id: e0c049e3-301e-005b-2d18-08abc1000000\r\n
Action.c(6):     x-ms-version: 2009-09-19\r\n
Action.c(6):     x-ms-lease-status: unlocked\r\n
Action.c(6):     x-ms-blob-type: BlockBlob\r\n
Action.c(6):     Access-Control-Allow-Origin: *\r\n
Action.c(6):     X-Azure-Ref-OriginShield: Ref A: 7B0B915C3905447D9642B045DD429BE4 Ref B: SG2EDGE2619 Ref C
Action.c(6):     : 2022-12-07T08:15:05Z\r\n
Action.c(6):     timing-allow-origin: *\r\n
Action.c(6):     cross-origin-resource-policy: cross-origin\r\n
Action.c(6):     nel: {"report_to":"network-errors","max_age":604800,"success_fraction":0.001,"failure_frac
Action.c(6):     tion":1.0}\r\n
Action.c(6):     report-to: {"group":"network-errors","max_age":604800,"endpoints":[{"url":"https://aefd.ne
Action.c(6):     lreports.net/api/report?cat=bingaot"}]}\r\n
Action.c(6):     X-MSEdge-Ref: Ref A: 1B60905F19D145BD80795404A25CD13A Ref B: HKBEDGE0613 Ref C: 2022-12-09
Action.c(6):     T02:18:59Z\r\n
Action.c(6):     Date: Fri, 09 Dec 2022 02:18:58 GMT\r\n
Action.c(6):     \r\n
Action.c(6): t=3327ms: Request done "http://www.bing.com/rp/MDr1f9aJs4rBVf1F5DAtlALvweY.gz.js"  	[MsgId: MMSG-26000]
Action.c(6): t=3327ms: 1063-byte response headers for "http://www.bing.com/rp/svI82uPNFRD54V4bMLaeahXQXBI.gz.js" (RelFrameId=, Internal ID=22)
Action.c(6):     HTTP/1.1 200 OK\r\n
Action.c(6):     Cache-Control: public, max-age=432000\r\n
Action.c(6):     Content-Length: 290\r\n
Action.c(6):     Content-Type: application/x-javascript; charset=utf-8\r\n
Action.c(6):     Content-Encoding: gzip\r\n
Action.c(6):     Content-MD5: /6QX0ap488BYFDOjAoirJA==\r\n
Action.c(6):     Last-Modified: Wed, 24 Jun 2020 04:46:57 GMT\r\n
Action.c(6):     ETag: 0x8D817F99FEB2345\r\n
Action.c(6):     Server: Windows-Azure-Blob/1.0 Microsoft-HTTPAPI/2.0\r\n
Action.c(6):     X-Cache: TCP_HIT\r\n
Action.c(6):     x-ms-request-id: b00f2889-d01e-0053-1464-08b1ce000000\r\n
Action.c(6):     x-ms-version: 2009-09-19\r\n
Action.c(6):     x-ms-lease-status: unlocked\r\n
Action.c(6):     x-ms-blob-type: BlockBlob\r\n
Action.c(6):     Access-Control-Allow-Origin: *\r\n
Action.c(6):     X-Azure-Ref-OriginShield: Ref A: 57A7C33C0C5E436F91C712A9FCE25B05 Ref B: SG2EDGE2422 Ref C
Action.c(6):     : 2022-12-08T23:43:46Z\r\n
Action.c(6):     timing-allow-origin: *\r\n
Action.c(6):     cross-origin-resource-policy: cross-origin\r\n
Action.c(6):     nel: {"report_to":"network-errors","max_age":604800,"success_fraction":0.001,"failure_frac
Action.c(6):     tion":1.0}\r\n
Action.c(6):     report-to: {"group":"network-errors","max_age":604800,"endpoints":[{"url":"https://aefd.ne
Action.c(6):     lreports.net/api/report?cat=bingaot"}]}\r\n
Action.c(6):     X-MSEdge-Ref: Ref A: A5C810BA968441C3BF0671A09814F3FC Ref B: HKBEDGE0615 Ref C: 2022-12-09
Action.c(6):     T02:18:59Z\r\n
Action.c(6):     Date: Fri, 09 Dec 2022 02:18:58 GMT\r\n
Action.c(6):     \r\n
Action.c(6): t=3332ms: Request done "http://www.bing.com/rp/svI82uPNFRD54V4bMLaeahXQXBI.gz.js"  	[MsgId: MMSG-26000]
Action.c(6): t=3333ms: 1063-byte response headers for "http://www.bing.com/rp/hceflue5sqxkKta9dP3R-IFtPuY.gz.js" (RelFrameId=, Internal ID=20)
Action.c(6):     HTTP/1.1 200 OK\r\n
Action.c(6):     Cache-Control: public, max-age=432000\r\n
Action.c(6):     Content-Length: 261\r\n
Action.c(6):     Content-Type: application/x-javascript; charset=utf-8\r\n
Action.c(6):     Content-Encoding: gzip\r\n
Action.c(6):     Content-MD5: g2OBYaLoMQ/7pG1XxIWwmA==\r\n
Action.c(6):     Last-Modified: Wed, 24 Jun 2020 04:45:15 GMT\r\n
Action.c(6):     ETag: 0x8D817F963A5AFA9\r\n
Action.c(6):     Server: Windows-Azure-Blob/1.0 Microsoft-HTTPAPI/2.0\r\n
Action.c(6):     X-Cache: TCP_HIT\r\n
Action.c(6):     x-ms-request-id: 8342e1d2-201e-0035-2f69-07feee000000\r\n
Action.c(6):     x-ms-version: 2009-09-19\r\n
Action.c(6):     x-ms-lease-status: unlocked\r\n
Action.c(6):     x-ms-blob-type: BlockBlob\r\n
Action.c(6):     Access-Control-Allow-Origin: *\r\n
Action.c(6):     X-Azure-Ref-OriginShield: Ref A: 35C981918B9D434A92AD91ECE172C497 Ref B: SG2EDGE2506 Ref C
Action.c(6):     : 2022-12-07T04:54:23Z\r\n
Action.c(6):     timing-allow-origin: *\r\n
Action.c(6):     cross-origin-resource-policy: cross-origin\r\n
Action.c(6):     nel: {"report_to":"network-errors","max_age":604800,"success_fraction":0.001,"failure_frac
Action.c(6):     tion":1.0}\r\n
Action.c(6):     report-to: {"group":"network-errors","max_age":604800,"endpoints":[{"url":"https://aefd.ne
Action.c(6):     lreports.net/api/report?cat=bingaot"}]}\r\n
Action.c(6):     X-MSEdge-Ref: Ref A: 2604FC84CC6B4324869D6F70EBFA30AC Ref B: HKBEDGE0610 Ref C: 2022-12-09
Action.c(6):     T02:18:59Z\r\n
Action.c(6):     Date: Fri, 09 Dec 2022 02:18:59 GMT\r\n
Action.c(6):     \r\n
Action.c(6): t=3336ms: Request done "http://www.bing.com/rp/hceflue5sqxkKta9dP3R-IFtPuY.gz.js"  	[MsgId: MMSG-26000]
Action.c(6): web_url("web_url") was successful, 41513 body bytes, 5920 header bytes  	[MsgId: MMSG-26386]
Action.c(13): Notify: Transaction "Test1" ended with a "Pass" status (Duration: 0.4768).	[MsgId: MMSG-16873]
Action.c(15): Notify: Transaction "Test2" started.	[MsgId: MMSG-16999]
Action.c(17): web_url("web_url") started  	[MsgId: MMSG-26355]
Action.c(17): t=3337ms: Closed connection [0] to www.bing.com:80 after completing 1 request(s)  	[MsgId: MMSG-26000]
Action.c(17): t=3338ms: Connecting [0] to host 13.107.21.200:80  	[MsgId: MMSG-26000]
Action.c(17): t=3376ms: Connected socket [0] from 192.168.100.5:18639 to 13.107.21.200:80 in 38 ms  	[MsgId: MMSG-26000]
Action.c(17): t=3376ms: 462-byte request headers for "http://bing.com" (RelFrameId=1, Internal ID=23)
Action.c(17):     GET / HTTP/1.1\r\n
Action.c(17):     User-Agent: Mozilla/5.0 (compatible; MSIE 10.0; Windows NT 6.1; Trident/6.0)\r\n
Action.c(17):     Accept-Encoding: gzip, deflate\r\n
Action.c(17):     Accept: */*\r\n
Action.c(17):     Connection: Keep-Alive\r\n
Action.c(17):     Host: bing.com\r\n
Action.c(17):     Cookie: SUID=M; MUID=364B2FE01367695D10483D9512BE6806; _EDGE_S=F=1&SID=099CBE5FE4A96E87338
Action.c(17):     CAC2AE5706F77; _EDGE_V=1; SRCHD=AF=NOFORM; SRCHUID=V=2&GUID=A98FB86E7B364F0A8D7510B29F7D7E
Action.c(17):     3C&dmnchg=1; SRCHUSR=DOB=20221209; SRCHHPGUSR=SRCHLANG=vi; _SS=SID=099CBE5FE4A96E87338CAC2
Action.c(17):     AE5706F77\r\n
Action.c(17):     \r\n
Action.c(17): t=3427ms: 224-byte response headers for "http://bing.com" (RelFrameId=1, Internal ID=23)
Action.c(17):     HTTP/1.1 301 Moved Permanently\r\n
Action.c(17):     Location: http://www.bing.com/\r\n
Action.c(17):     X-MSEdge-Ref: Ref A: F628E03F5641499782BFD8FBF3E95596 Ref B: HKBEDGE0615 Ref C: 2022-12-09
Action.c(17):     T02:18:59Z\r\n
Action.c(17):     Date: Fri, 09 Dec 2022 02:18:58 GMT\r\n
Action.c(17):     Content-Length: 0\r\n
Action.c(17):     \r\n
Action.c(17): Redirecting "http://bing.com" (redirection depth is 0)  	[MsgId: MMSG-26694]
Action.c(17): To location "http://www.bing.com/"  	[MsgId: MMSG-26693]
Action.c(17): t=3430ms: Request done "http://bing.com"  	[MsgId: MMSG-26000]
Action.c(17): t=3430ms: Already connected [1] to www.bing.com:80  	[MsgId: MMSG-26000]
Action.c(17): t=3430ms: 506-byte request headers for "http://www.bing.com/" (RelFrameId=1, Internal ID=24)
Action.c(17):     GET / HTTP/1.1\r\n
Action.c(17):     User-Agent: Mozilla/5.0 (compatible; MSIE 10.0; Windows NT 6.1; Trident/6.0)\r\n
Action.c(17):     Accept-Encoding: gzip, deflate\r\n
Action.c(17):     Accept: */*\r\n
Action.c(17):     Connection: Keep-Alive\r\n
Action.c(17):     Host: www.bing.com\r\n
Action.c(17):     Cookie: SUID=M; MUID=364B2FE01367695D10483D9512BE6806; MUIDB=364B2FE01367695D10483D9512BE6
Action.c(17):     806; _EDGE_S=F=1&SID=099CBE5FE4A96E87338CAC2AE5706F77; _EDGE_V=1; SRCHD=AF=NOFORM; SRCHUID
Action.c(17):     =V=2&GUID=A98FB86E7B364F0A8D7510B29F7D7E3C&dmnchg=1; SRCHUSR=DOB=20221209; SRCHHPGUSR=SRCH
Action.c(17):     LANG=vi; _SS=SID=099CBE5FE4A96E87338CAC2AE5706F77\r\n
Action.c(17):     \r\n
Action.c(17): t=3534ms: 526-byte response headers for "http://www.bing.com/" (RelFrameId=1, Internal ID=24)
Action.c(17):     HTTP/1.1 200 OK\r\n
Action.c(17):     Cache-Control: private, max-age=0\r\n
Action.c(17):     Content-Length: 40451\r\n
Action.c(17):     Content-Type: text/html; charset=utf-8\r\n
Action.c(17):     Content-Encoding: gzip\r\n
Action.c(17):     Vary: Accept-Encoding\r\n
Action.c(17):     P3P: CP="NON UNI COM NAV STA LOC CURa DEVa PSAa PSDa OUR IND"\r\n
Action.c(17):     Set-Cookie: MUIDB=364B2FE01367695D10483D9512BE6806; expires=Wed, 03-Jan-2024 02:18:59 GMT;
Action.c(17):      path=/; HttpOnly\r\n
Action.c(17):     X-UA-Compatible: IE=edge\r\n
Action.c(17):     X-Cache: CONFIG_NOCACHE\r\n
Action.c(17):     X-MSEdge-Ref: Ref A: CE941B5704FA40048BE202D090D736E1 Ref B: HKBEDGE0612 Ref C: 2022-12-09
Action.c(17):     T02:18:59Z\r\n
Action.c(17):     Date: Fri, 09 Dec 2022 02:18:59 GMT\r\n
Action.c(17):     \r\n
Action.c(17): Resource "http://www.bing.com/rp/MDr1f9aJs4rBVf1F5DAtlALvweY.gz.js" is in the cache already and will not be downloaded again  	[MsgId: MMSG-26655]
Action.c(17): Resource "http://www.bing.com/rp/hceflue5sqxkKta9dP3R-IFtPuY.gz.js" is in the cache already and will not be downloaded again  	[MsgId: MMSG-26655]
Action.c(17): Resource "http://www.bing.com/rp/a282eRIAnHsW_URoyogdzsukm_o.gz.js" is in the cache already and will not be downloaded again  	[MsgId: MMSG-26655]
Action.c(17): Resource "http://www.bing.com/rp/svI82uPNFRD54V4bMLaeahXQXBI.gz.js" is in the cache already and will not be downloaded again  	[MsgId: MMSG-26655]
Action.c(17): t=3541ms: Request done "http://www.bing.com/"  	[MsgId: MMSG-26000]
Action.c(17): web_url("web_url") was successful, 40451 body bytes, 750 header bytes  	[MsgId: MMSG-26386]
Action.c(24): Notify: Transaction "Test2" ended with a "Pass" status (Duration: 0.2048).	[MsgId: MMSG-16873]
Action.c(26): Notify: Transaction "Test3" started.	[MsgId: MMSG-16999]
Action.c(28): web_url("web_url") started  	[MsgId: MMSG-26355]
Action.c(28): t=3543ms: Already connected [0] to bing.com:80  	[MsgId: MMSG-26000]
Action.c(28): t=3543ms: 462-byte request headers for "http://bing.com" (RelFrameId=1, Internal ID=25)
Action.c(28):     GET / HTTP/1.1\r\n
Action.c(28):     User-Agent: Mozilla/5.0 (compatible; MSIE 10.0; Windows NT 6.1; Trident/6.0)\r\n
Action.c(28):     Accept-Encoding: gzip, deflate\r\n
Action.c(28):     Accept: */*\r\n
Action.c(28):     Connection: Keep-Alive\r\n
Action.c(28):     Host: bing.com\r\n
Action.c(28):     Cookie: SUID=M; MUID=364B2FE01367695D10483D9512BE6806; _EDGE_S=F=1&SID=099CBE5FE4A96E87338
Action.c(28):     CAC2AE5706F77; _EDGE_V=1; SRCHD=AF=NOFORM; SRCHUID=V=2&GUID=A98FB86E7B364F0A8D7510B29F7D7E
Action.c(28):     3C&dmnchg=1; SRCHUSR=DOB=20221209; SRCHHPGUSR=SRCHLANG=vi; _SS=SID=099CBE5FE4A96E87338CAC2
Action.c(28):     AE5706F77\r\n
Action.c(28):     \r\n
Action.c(28): t=3590ms: 224-byte response headers for "http://bing.com" (RelFrameId=1, Internal ID=25)
Action.c(28):     HTTP/1.1 301 Moved Permanently\r\n
Action.c(28):     Location: http://www.bing.com/\r\n
Action.c(28):     X-MSEdge-Ref: Ref A: E4B40500289E4693B52C98C5BC459376 Ref B: HKBEDGE0615 Ref C: 2022-12-09
Action.c(28):     T02:18:59Z\r\n
Action.c(28):     Date: Fri, 09 Dec 2022 02:18:58 GMT\r\n
Action.c(28):     Content-Length: 0\r\n
Action.c(28):     \r\n
Action.c(28): Redirecting "http://bing.com" (redirection depth is 0)  	[MsgId: MMSG-26694]
Action.c(28): To location "http://www.bing.com/"  	[MsgId: MMSG-26693]
Action.c(28): t=3592ms: Request done "http://bing.com"  	[MsgId: MMSG-26000]
Action.c(28): t=3592ms: Already connected [1] to www.bing.com:80  	[MsgId: MMSG-26000]
Action.c(28): t=3592ms: 506-byte request headers for "http://www.bing.com/" (RelFrameId=1, Internal ID=26)
Action.c(28):     GET / HTTP/1.1\r\n
Action.c(28):     User-Agent: Mozilla/5.0 (compatible; MSIE 10.0; Windows NT 6.1; Trident/6.0)\r\n
Action.c(28):     Accept-Encoding: gzip, deflate\r\n
Action.c(28):     Accept: */*\r\n
Action.c(28):     Connection: Keep-Alive\r\n
Action.c(28):     Host: www.bing.com\r\n
Action.c(28):     Cookie: SUID=M; MUID=364B2FE01367695D10483D9512BE6806; MUIDB=364B2FE01367695D10483D9512BE6
Action.c(28):     806; _EDGE_S=F=1&SID=099CBE5FE4A96E87338CAC2AE5706F77; _EDGE_V=1; SRCHD=AF=NOFORM; SRCHUID
Action.c(28):     =V=2&GUID=A98FB86E7B364F0A8D7510B29F7D7E3C&dmnchg=1; SRCHUSR=DOB=20221209; SRCHHPGUSR=SRCH
Action.c(28):     LANG=vi; _SS=SID=099CBE5FE4A96E87338CAC2AE5706F77\r\n
Action.c(28):     \r\n
Action.c(28): t=3727ms: 526-byte response headers for "http://www.bing.com/" (RelFrameId=1, Internal ID=26)
Action.c(28):     HTTP/1.1 200 OK\r\n
Action.c(28):     Cache-Control: private, max-age=0\r\n
Action.c(28):     Content-Length: 40451\r\n
Action.c(28):     Content-Type: text/html; charset=utf-8\r\n
Action.c(28):     Content-Encoding: gzip\r\n
Action.c(28):     Vary: Accept-Encoding\r\n
Action.c(28):     P3P: CP="NON UNI COM NAV STA LOC CURa DEVa PSAa PSDa OUR IND"\r\n
Action.c(28):     Set-Cookie: MUIDB=364B2FE01367695D10483D9512BE6806; expires=Wed, 03-Jan-2024 02:18:59 GMT;
Action.c(28):      path=/; HttpOnly\r\n
Action.c(28):     X-UA-Compatible: IE=edge\r\n
Action.c(28):     X-Cache: CONFIG_NOCACHE\r\n
Action.c(28):     X-MSEdge-Ref: Ref A: 21B6E7B1014D43AD8055F18C1FA2C61C Ref B: HKBEDGE0612 Ref C: 2022-12-09
Action.c(28):     T02:18:59Z\r\n
Action.c(28):     Date: Fri, 09 Dec 2022 02:18:59 GMT\r\n
Action.c(28):     \r\n
Action.c(28): Resource "http://www.bing.com/rp/MDr1f9aJs4rBVf1F5DAtlALvweY.gz.js" is in the cache already and will not be downloaded again  	[MsgId: MMSG-26655]
Action.c(28): Resource "http://www.bing.com/rp/hceflue5sqxkKta9dP3R-IFtPuY.gz.js" is in the cache already and will not be downloaded again  	[MsgId: MMSG-26655]
Action.c(28): Resource "http://www.bing.com/rp/a282eRIAnHsW_URoyogdzsukm_o.gz.js" is in the cache already and will not be downloaded again  	[MsgId: MMSG-26655]
Action.c(28): Resource "http://www.bing.com/rp/svI82uPNFRD54V4bMLaeahXQXBI.gz.js" is in the cache already and will not be downloaded again  	[MsgId: MMSG-26655]
Action.c(28): t=3733ms: Request done "http://www.bing.com/"  	[MsgId: MMSG-26000]
Action.c(28): web_url("web_url") was successful, 40451 body bytes, 750 header bytes  	[MsgId: MMSG-26386]
Action.c(35): Notify: Transaction "Test3" ended with a "Pass" status (Duration: 0.1914).	[MsgId: MMSG-16873]
Action.c(38): Notify: Transaction "Test4" started.	[MsgId: MMSG-16999]
Action.c(40): web_url("web_url") started  	[MsgId: MMSG-26355]
Action.c(40): t=3734ms: Already connected [0] to bing.com:80  	[MsgId: MMSG-26000]
Action.c(40): t=3735ms: 462-byte request headers for "http://bing.com" (RelFrameId=1, Internal ID=27)
Action.c(40):     GET / HTTP/1.1\r\n
Action.c(40):     User-Agent: Mozilla/5.0 (compatible; MSIE 10.0; Windows NT 6.1; Trident/6.0)\r\n
Action.c(40):     Accept-Encoding: gzip, deflate\r\n
Action.c(40):     Accept: */*\r\n
Action.c(40):     Connection: Keep-Alive\r\n
Action.c(40):     Host: bing.com\r\n
Action.c(40):     Cookie: SUID=M; MUID=364B2FE01367695D10483D9512BE6806; _EDGE_S=F=1&SID=099CBE5FE4A96E87338
Action.c(40):     CAC2AE5706F77; _EDGE_V=1; SRCHD=AF=NOFORM; SRCHUID=V=2&GUID=A98FB86E7B364F0A8D7510B29F7D7E
Action.c(40):     3C&dmnchg=1; SRCHUSR=DOB=20221209; SRCHHPGUSR=SRCHLANG=vi; _SS=SID=099CBE5FE4A96E87338CAC2
Action.c(40):     AE5706F77\r\n
Action.c(40):     \r\n
Action.c(40): t=3778ms: 224-byte response headers for "http://bing.com" (RelFrameId=1, Internal ID=27)
Action.c(40):     HTTP/1.1 301 Moved Permanently\r\n
Action.c(40):     Location: http://www.bing.com/\r\n
Action.c(40):     X-MSEdge-Ref: Ref A: 5B1AA51744924B37808A712B6B034AEE Ref B: HKBEDGE0615 Ref C: 2022-12-09
Action.c(40):     T02:18:59Z\r\n
Action.c(40):     Date: Fri, 09 Dec 2022 02:18:58 GMT\r\n
Action.c(40):     Content-Length: 0\r\n
Action.c(40):     \r\n
Action.c(40): Redirecting "http://bing.com" (redirection depth is 0)  	[MsgId: MMSG-26694]
Action.c(40): To location "http://www.bing.com/"  	[MsgId: MMSG-26693]
Action.c(40): t=3779ms: Request done "http://bing.com"  	[MsgId: MMSG-26000]
Action.c(40): t=3779ms: Already connected [1] to www.bing.com:80  	[MsgId: MMSG-26000]
Action.c(40): t=3780ms: 506-byte request headers for "http://www.bing.com/" (RelFrameId=1, Internal ID=28)
Action.c(40):     GET / HTTP/1.1\r\n
Action.c(40):     User-Agent: Mozilla/5.0 (compatible; MSIE 10.0; Windows NT 6.1; Trident/6.0)\r\n
Action.c(40):     Accept-Encoding: gzip, deflate\r\n
Action.c(40):     Accept: */*\r\n
Action.c(40):     Connection: Keep-Alive\r\n
Action.c(40):     Host: www.bing.com\r\n
Action.c(40):     Cookie: SUID=M; MUID=364B2FE01367695D10483D9512BE6806; MUIDB=364B2FE01367695D10483D9512BE6
Action.c(40):     806; _EDGE_S=F=1&SID=099CBE5FE4A96E87338CAC2AE5706F77; _EDGE_V=1; SRCHD=AF=NOFORM; SRCHUID
Action.c(40):     =V=2&GUID=A98FB86E7B364F0A8D7510B29F7D7E3C&dmnchg=1; SRCHUSR=DOB=20221209; SRCHHPGUSR=SRCH
Action.c(40):     LANG=vi; _SS=SID=099CBE5FE4A96E87338CAC2AE5706F77\r\n
Action.c(40):     \r\n
Action.c(40): t=3888ms: 526-byte response headers for "http://www.bing.com/" (RelFrameId=1, Internal ID=28)
Action.c(40):     HTTP/1.1 200 OK\r\n
Action.c(40):     Cache-Control: private, max-age=0\r\n
Action.c(40):     Content-Length: 40455\r\n
Action.c(40):     Content-Type: text/html; charset=utf-8\r\n
Action.c(40):     Content-Encoding: gzip\r\n
Action.c(40):     Vary: Accept-Encoding\r\n
Action.c(40):     P3P: CP="NON UNI COM NAV STA LOC CURa DEVa PSAa PSDa OUR IND"\r\n
Action.c(40):     Set-Cookie: MUIDB=364B2FE01367695D10483D9512BE6806; expires=Wed, 03-Jan-2024 02:18:59 GMT;
Action.c(40):      path=/; HttpOnly\r\n
Action.c(40):     X-UA-Compatible: IE=edge\r\n
Action.c(40):     X-Cache: CONFIG_NOCACHE\r\n
Action.c(40):     X-MSEdge-Ref: Ref A: 9CA2D970A8064BD9BF2928D73D5DFF67 Ref B: HKBEDGE0612 Ref C: 2022-12-09
Action.c(40):     T02:18:59Z\r\n
Action.c(40):     Date: Fri, 09 Dec 2022 02:18:59 GMT\r\n
Action.c(40):     \r\n
Action.c(40): Resource "http://www.bing.com/rp/MDr1f9aJs4rBVf1F5DAtlALvweY.gz.js" is in the cache already and will not be downloaded again  	[MsgId: MMSG-26655]
Action.c(40): Resource "http://www.bing.com/rp/hceflue5sqxkKta9dP3R-IFtPuY.gz.js" is in the cache already and will not be downloaded again  	[MsgId: MMSG-26655]
Action.c(40): Resource "http://www.bing.com/rp/a282eRIAnHsW_URoyogdzsukm_o.gz.js" is in the cache already and will not be downloaded again  	[MsgId: MMSG-26655]
Action.c(40): Resource "http://www.bing.com/rp/svI82uPNFRD54V4bMLaeahXQXBI.gz.js" is in the cache already and will not be downloaded again  	[MsgId: MMSG-26655]
Action.c(40): t=3894ms: Request done "http://www.bing.com/"  	[MsgId: MMSG-26000]
Action.c(40): web_url("web_url") was successful, 40455 body bytes, 750 header bytes  	[MsgId: MMSG-26386]
Action.c(47): Notify: Transaction "Test4" ended with a "Pass" status (Duration: 0.1602).	[MsgId: MMSG-16873]
Action.c(50): Notify: Transaction "Test5" started.	[MsgId: MMSG-16999]
Action.c(52): web_url("web_url") started  	[MsgId: MMSG-26355]
Action.c(52): t=3895ms: Already connected [0] to bing.com:80  	[MsgId: MMSG-26000]
Action.c(52): t=3895ms: 462-byte request headers for "http://bing.com" (RelFrameId=1, Internal ID=29)
Action.c(52):     GET / HTTP/1.1\r\n
Action.c(52):     User-Agent: Mozilla/5.0 (compatible; MSIE 10.0; Windows NT 6.1; Trident/6.0)\r\n
Action.c(52):     Accept-Encoding: gzip, deflate\r\n
Action.c(52):     Accept: */*\r\n
Action.c(52):     Connection: Keep-Alive\r\n
Action.c(52):     Host: bing.com\r\n
Action.c(52):     Cookie: SUID=M; MUID=364B2FE01367695D10483D9512BE6806; _EDGE_S=F=1&SID=099CBE5FE4A96E87338
Action.c(52):     CAC2AE5706F77; _EDGE_V=1; SRCHD=AF=NOFORM; SRCHUID=V=2&GUID=A98FB86E7B364F0A8D7510B29F7D7E
Action.c(52):     3C&dmnchg=1; SRCHUSR=DOB=20221209; SRCHHPGUSR=SRCHLANG=vi; _SS=SID=099CBE5FE4A96E87338CAC2
Action.c(52):     AE5706F77\r\n
Action.c(52):     \r\n
Action.c(52): t=3938ms: 224-byte response headers for "http://bing.com" (RelFrameId=1, Internal ID=29)
Action.c(52):     HTTP/1.1 301 Moved Permanently\r\n
Action.c(52):     Location: http://www.bing.com/\r\n
Action.c(52):     X-MSEdge-Ref: Ref A: 868B55B009E2421C9D1F6C9525186820 Ref B: HKBEDGE0615 Ref C: 2022-12-09
Action.c(52):     T02:18:59Z\r\n
Action.c(52):     Date: Fri, 09 Dec 2022 02:18:58 GMT\r\n
Action.c(52):     Content-Length: 0\r\n
Action.c(52):     \r\n
Action.c(52): Redirecting "http://bing.com" (redirection depth is 0)  	[MsgId: MMSG-26694]
Action.c(52): To location "http://www.bing.com/"  	[MsgId: MMSG-26693]
Action.c(52): t=3941ms: Request done "http://bing.com"  	[MsgId: MMSG-26000]
Action.c(52): t=3943ms: Already connected [1] to www.bing.com:80  	[MsgId: MMSG-26000]
Action.c(52): t=3943ms: 506-byte request headers for "http://www.bing.com/" (RelFrameId=1, Internal ID=30)
Action.c(52):     GET / HTTP/1.1\r\n
Action.c(52):     User-Agent: Mozilla/5.0 (compatible; MSIE 10.0; Windows NT 6.1; Trident/6.0)\r\n
Action.c(52):     Accept-Encoding: gzip, deflate\r\n
Action.c(52):     Accept: */*\r\n
Action.c(52):     Connection: Keep-Alive\r\n
Action.c(52):     Host: www.bing.com\r\n
Action.c(52):     Cookie: SUID=M; MUID=364B2FE01367695D10483D9512BE6806; MUIDB=364B2FE01367695D10483D9512BE6
Action.c(52):     806; _EDGE_S=F=1&SID=099CBE5FE4A96E87338CAC2AE5706F77; _EDGE_V=1; SRCHD=AF=NOFORM; SRCHUID
Action.c(52):     =V=2&GUID=A98FB86E7B364F0A8D7510B29F7D7E3C&dmnchg=1; SRCHUSR=DOB=20221209; SRCHHPGUSR=SRCH
Action.c(52):     LANG=vi; _SS=SID=099CBE5FE4A96E87338CAC2AE5706F77\r\n
Action.c(52):     \r\n
Action.c(52): t=4168ms: 526-byte response headers for "http://www.bing.com/" (RelFrameId=1, Internal ID=30)
Action.c(52):     HTTP/1.1 200 OK\r\n
Action.c(52):     Cache-Control: private, max-age=0\r\n
Action.c(52):     Content-Length: 40451\r\n
Action.c(52):     Content-Type: text/html; charset=utf-8\r\n
Action.c(52):     Content-Encoding: gzip\r\n
Action.c(52):     Vary: Accept-Encoding\r\n
Action.c(52):     P3P: CP="NON UNI COM NAV STA LOC CURa DEVa PSAa PSDa OUR IND"\r\n
Action.c(52):     Set-Cookie: MUIDB=364B2FE01367695D10483D9512BE6806; expires=Wed, 03-Jan-2024 02:19:00 GMT;
Action.c(52):      path=/; HttpOnly\r\n
Action.c(52):     X-UA-Compatible: IE=edge\r\n
Action.c(52):     X-Cache: CONFIG_NOCACHE\r\n
Action.c(52):     X-MSEdge-Ref: Ref A: CC70EFA907DB4771AE5EC2C6303829B7 Ref B: HKBEDGE0612 Ref C: 2022-12-09
Action.c(52):     T02:18:59Z\r\n
Action.c(52):     Date: Fri, 09 Dec 2022 02:19:00 GMT\r\n
Action.c(52):     \r\n
Action.c(52): Resource "http://www.bing.com/rp/MDr1f9aJs4rBVf1F5DAtlALvweY.gz.js" is in the cache already and will not be downloaded again  	[MsgId: MMSG-26655]
Action.c(52): Resource "http://www.bing.com/rp/hceflue5sqxkKta9dP3R-IFtPuY.gz.js" is in the cache already and will not be downloaded again  	[MsgId: MMSG-26655]
Action.c(52): Resource "http://www.bing.com/rp/a282eRIAnHsW_URoyogdzsukm_o.gz.js" is in the cache already and will not be downloaded again  	[MsgId: MMSG-26655]
Action.c(52): Resource "http://www.bing.com/rp/svI82uPNFRD54V4bMLaeahXQXBI.gz.js" is in the cache already and will not be downloaded again  	[MsgId: MMSG-26655]
Action.c(52): t=4174ms: Request done "http://www.bing.com/"  	[MsgId: MMSG-26000]
Action.c(52): web_url("web_url") was successful, 40451 body bytes, 750 header bytes  	[MsgId: MMSG-26386]
Action.c(59): Notify: Transaction "Test5" ended with a "Pass" status (Duration: 0.2804).	[MsgId: MMSG-16873]
Action.c(62): Notify: Transaction "Test6" started.	[MsgId: MMSG-16999]
Action.c(64): web_url("web_url") started  	[MsgId: MMSG-26355]
Action.c(64): t=4176ms: Already connected [0] to bing.com:80  	[MsgId: MMSG-26000]
Action.c(64): t=4176ms: 462-byte request headers for "http://bing.com" (RelFrameId=1, Internal ID=31)
Action.c(64):     GET / HTTP/1.1\r\n
Action.c(64):     User-Agent: Mozilla/5.0 (compatible; MSIE 10.0; Windows NT 6.1; Trident/6.0)\r\n
Action.c(64):     Accept-Encoding: gzip, deflate\r\n
Action.c(64):     Accept: */*\r\n
Action.c(64):     Connection: Keep-Alive\r\n
Action.c(64):     Host: bing.com\r\n
Action.c(64):     Cookie: SUID=M; MUID=364B2FE01367695D10483D9512BE6806; _EDGE_S=F=1&SID=099CBE5FE4A96E87338
Action.c(64):     CAC2AE5706F77; _EDGE_V=1; SRCHD=AF=NOFORM; SRCHUID=V=2&GUID=A98FB86E7B364F0A8D7510B29F7D7E
Action.c(64):     3C&dmnchg=1; SRCHUSR=DOB=20221209; SRCHHPGUSR=SRCHLANG=vi; _SS=SID=099CBE5FE4A96E87338CAC2
Action.c(64):     AE5706F77\r\n
Action.c(64):     \r\n
Action.c(64): t=4220ms: 224-byte response headers for "http://bing.com" (RelFrameId=1, Internal ID=31)
Action.c(64):     HTTP/1.1 301 Moved Permanently\r\n
Action.c(64):     Location: http://www.bing.com/\r\n
Action.c(64):     X-MSEdge-Ref: Ref A: 112AAF5F8E294DDF8117DFAC0CDD1381 Ref B: HKBEDGE0615 Ref C: 2022-12-09
Action.c(64):     T02:19:00Z\r\n
Action.c(64):     Date: Fri, 09 Dec 2022 02:18:59 GMT\r\n
Action.c(64):     Content-Length: 0\r\n
Action.c(64):     \r\n
Action.c(64): Redirecting "http://bing.com" (redirection depth is 0)  	[MsgId: MMSG-26694]
Action.c(64): To location "http://www.bing.com/"  	[MsgId: MMSG-26693]
Action.c(64): t=4222ms: Request done "http://bing.com"  	[MsgId: MMSG-26000]
Action.c(64): t=4222ms: Already connected [1] to www.bing.com:80  	[MsgId: MMSG-26000]
Action.c(64): t=4222ms: 506-byte request headers for "http://www.bing.com/" (RelFrameId=1, Internal ID=32)
Action.c(64):     GET / HTTP/1.1\r\n
Action.c(64):     User-Agent: Mozilla/5.0 (compatible; MSIE 10.0; Windows NT 6.1; Trident/6.0)\r\n
Action.c(64):     Accept-Encoding: gzip, deflate\r\n
Action.c(64):     Accept: */*\r\n
Action.c(64):     Connection: Keep-Alive\r\n
Action.c(64):     Host: www.bing.com\r\n
Action.c(64):     Cookie: SUID=M; MUID=364B2FE01367695D10483D9512BE6806; MUIDB=364B2FE01367695D10483D9512BE6
Action.c(64):     806; _EDGE_S=F=1&SID=099CBE5FE4A96E87338CAC2AE5706F77; _EDGE_V=1; SRCHD=AF=NOFORM; SRCHUID
Action.c(64):     =V=2&GUID=A98FB86E7B364F0A8D7510B29F7D7E3C&dmnchg=1; SRCHUSR=DOB=20221209; SRCHHPGUSR=SRCH
Action.c(64):     LANG=vi; _SS=SID=099CBE5FE4A96E87338CAC2AE5706F77\r\n
Action.c(64):     \r\n
Action.c(64): t=4327ms: 526-byte response headers for "http://www.bing.com/" (RelFrameId=1, Internal ID=32)
Action.c(64):     HTTP/1.1 200 OK\r\n
Action.c(64):     Cache-Control: private, max-age=0\r\n
Action.c(64):     Content-Length: 40450\r\n
Action.c(64):     Content-Type: text/html; charset=utf-8\r\n
Action.c(64):     Content-Encoding: gzip\r\n
Action.c(64):     Vary: Accept-Encoding\r\n
Action.c(64):     P3P: CP="NON UNI COM NAV STA LOC CURa DEVa PSAa PSDa OUR IND"\r\n
Action.c(64):     Set-Cookie: MUIDB=364B2FE01367695D10483D9512BE6806; expires=Wed, 03-Jan-2024 02:19:00 GMT;
Action.c(64):      path=/; HttpOnly\r\n
Action.c(64):     X-UA-Compatible: IE=edge\r\n
Action.c(64):     X-Cache: CONFIG_NOCACHE\r\n
Action.c(64):     X-MSEdge-Ref: Ref A: 967E01F3B1E246419DD0794015830E7B Ref B: HKBEDGE0612 Ref C: 2022-12-09
Action.c(64):     T02:19:00Z\r\n
Action.c(64):     Date: Fri, 09 Dec 2022 02:19:00 GMT\r\n
Action.c(64):     \r\n
Action.c(64): Resource "http://www.bing.com/rp/MDr1f9aJs4rBVf1F5DAtlALvweY.gz.js" is in the cache already and will not be downloaded again  	[MsgId: MMSG-26655]
Action.c(64): Resource "http://www.bing.com/rp/hceflue5sqxkKta9dP3R-IFtPuY.gz.js" is in the cache already and will not be downloaded again  	[MsgId: MMSG-26655]
Action.c(64): Resource "http://www.bing.com/rp/a282eRIAnHsW_URoyogdzsukm_o.gz.js" is in the cache already and will not be downloaded again  	[MsgId: MMSG-26655]
Action.c(64): Resource "http://www.bing.com/rp/svI82uPNFRD54V4bMLaeahXQXBI.gz.js" is in the cache already and will not be downloaded again  	[MsgId: MMSG-26655]
Action.c(64): t=4332ms: Request done "http://www.bing.com/"  	[MsgId: MMSG-26000]
Action.c(64): web_url("web_url") was successful, 40450 body bytes, 750 header bytes  	[MsgId: MMSG-26386]
Action.c(71): Notify: Transaction "Test6" ended with a "Pass" status (Duration: 0.1569).	[MsgId: MMSG-16873]
Ending action Action.	[MsgId: MMSG-15918]
Ending iteration 2.	[MsgId: MMSG-15965]
Starting iteration 3.	[MsgId: MMSG-15968]
t=4333ms: Closed connection [0] to bing.com:80 after completing 5 request(s)  	[MsgId: MMSG-26000]
t=4333ms: Closed connection [1] to www.bing.com:80 after completing 6 request(s)  	[MsgId: MMSG-26000]
t=4334ms: Closed connection [2] to www.bing.com:80 after completing 1 request(s)  	[MsgId: MMSG-26000]
t=4334ms: Closed connection [3] to www.bing.com:80 after completing 1 request(s)  	[MsgId: MMSG-26000]
t=4334ms: Closed connection [4] to www.bing.com:80 after completing 1 request(s)  	[MsgId: MMSG-26000]
Resetting all proxy auto-configuration information  	[MsgId: MMSG-26000]
Starting action Action.	[MsgId: MMSG-15919]
Action.c(4): Notify: Transaction "Test1" started.	[MsgId: MMSG-16999]
Action.c(6): web_url("web_url") started  	[MsgId: MMSG-26355]
Action.c(6): t=4335ms: Connecting [0] to host 13.107.21.200:80  	[MsgId: MMSG-26000]
Action.c(6): t=4373ms: Connected socket [0] from 192.168.100.5:18640 to 13.107.21.200:80 in 38 ms  	[MsgId: MMSG-26000]
Action.c(6): t=4374ms: 181-byte request headers for "http://bing.com" (RelFrameId=1, Internal ID=33)
Action.c(6):     GET / HTTP/1.1\r\n
Action.c(6):     User-Agent: Mozilla/5.0 (compatible; MSIE 10.0; Windows NT 6.1; Trident/6.0)\r\n
Action.c(6):     Accept-Encoding: gzip, deflate\r\n
Action.c(6):     Accept: */*\r\n
Action.c(6):     Connection: Keep-Alive\r\n
Action.c(6):     Host: bing.com\r\n
Action.c(6):     \r\n
Action.c(6): t=4417ms: 224-byte response headers for "http://bing.com" (RelFrameId=1, Internal ID=33)
Action.c(6):     HTTP/1.1 301 Moved Permanently\r\n
Action.c(6):     Location: http://www.bing.com/\r\n
Action.c(6):     X-MSEdge-Ref: Ref A: 2466D3F2AE374449A34E3DD41288BBA9 Ref B: HKBEDGE0619 Ref C: 2022-12-09
Action.c(6):     T02:19:00Z\r\n
Action.c(6):     Date: Fri, 09 Dec 2022 02:18:59 GMT\r\n
Action.c(6):     Content-Length: 0\r\n
Action.c(6):     \r\n
Action.c(6): Redirecting "http://bing.com" (redirection depth is 0)  	[MsgId: MMSG-26694]
Action.c(6): To location "http://www.bing.com/"  	[MsgId: MMSG-26693]
Action.c(6): t=4419ms: Request done "http://bing.com"  	[MsgId: MMSG-26000]
Action.c(6): t=4420ms: Connecting [1] to host 204.79.197.200:80  	[MsgId: MMSG-26000]
Action.c(6): t=4464ms: Connected socket [1] from 192.168.100.5:18641 to 204.79.197.200:80 in 44 ms  	[MsgId: MMSG-26000]
Action.c(6): t=4464ms: 185-byte request headers for "http://www.bing.com/" (RelFrameId=1, Internal ID=34)
Action.c(6):     GET / HTTP/1.1\r\n
Action.c(6):     User-Agent: Mozilla/5.0 (compatible; MSIE 10.0; Windows NT 6.1; Trident/6.0)\r\n
Action.c(6):     Accept-Encoding: gzip, deflate\r\n
Action.c(6):     Accept: */*\r\n
Action.c(6):     Connection: Keep-Alive\r\n
Action.c(6):     Host: www.bing.com\r\n
Action.c(6):     \r\n
Action.c(6): Notify: Transaction "Test1" ended with a "Stop" status (Duration: 0.1398).	[MsgId: MMSG-16873]
Abort was called from an action.	[MsgId: MMSG-10447]
Ending Vuser...	[MsgId: MMSG-15966]
Starting action vuser_end.	[MsgId: MMSG-15919]
Ending action vuser_end.	[MsgId: MMSG-15918]
Vuser Terminated.	[MsgId: MMSG-15963]
Action.c(6): t=4477ms: Closed connection [0] to bing.com:80 after completing 1 request(s)  	[MsgId: MMSG-26000]
Action.c(6): t=4477ms: Closed connection [1] to www.bing.com:80 after completing 0 request(s)  	[MsgId: MMSG-26000]
HTML-Mode memory management statistics: Reusable=2, NonReusable=0, CsMemBlockSize=4096, checks disabled  	[MsgId: MMSG-26000]
Vuser 0 (thread 12932), ended OK."	[MsgId: MMSG-10695]
