Notify: Initialized Dynamic Filter API for Network Virtualization emulation.	[MsgId: MMSG-56949]
Start auto log messages stack - Iteration 258.	[MsgId: MMSG-10545]
Action.c(6): Found resource "http://www.bing.com/rp/hceflue5sqxkKta9dP3R-IFtPuY.gz.js" in HTML "http://www.bing.com/"  	[MsgId: MMSG-26659]
Action.c(6): Found resource "http://www.bing.com/rp/a282eRIAnHsW_URoyogdzsukm_o.gz.js" in HTML "http://www.bing.com/"  	[MsgId: MMSG-26659]
Action.c(6): Found resource "http://www.bing.com/rp/svI82uPNFRD54V4bMLaeahXQXBI.gz.js" in HTML "http://www.bing.com/"  	[MsgId: MMSG-26659]
Action.c(6): web_url("web_url") was successful, 41879 body bytes, 5920 header bytes  	[MsgId: MMSG-26386]
Action.c(13): Notify: Transaction "Test1" ended with a "Pass" status (Duration: 0.3225).	[MsgId: MMSG-16873]
Action.c(15): Notify: Transaction "Test2" started.	[MsgId: MMSG-16999]
Action.c(17): web_url("web_url") started  	[MsgId: MMSG-26355]
Action.c(17): Error -27787: Server "bing.com" has shut down the connection prematurely  	[MsgId: MERR-27787]
End auto log messages stack.	[MsgId: MMSG-10544]


Start auto log messages stack - Iteration 1.	[MsgId: MMSG-10545]
Starting action Action.	[MsgId: MMSG-15919]
Action.c(4): Notify: Transaction "Test1" started.	[MsgId: MMSG-16999]
Action.c(6): web_url("web_url") started  	[MsgId: MMSG-26355]
Action.c(6): Error -27792: Failed to connect to server "bing.com:80": [10060] Connection timed out  	[MsgId: MERR-27792]
End auto log messages stack.	[MsgId: MMSG-10544]


Start auto log messages stack.	[MsgId: MMSG-10546]
Ending iteration 3.	[MsgId: MMSG-15965]
Starting iteration 4.	[MsgId: MMSG-15968]
Error: Could not remove the dynamic filter to Network Virtualization, causing the error 7. The scenario will continue to run with Network Virtualization.	[MsgId: MERR-56947]
Error: Could not remove the dynamic filter to Network Virtualization, causing the error 1523392852. The scenario will continue to run with Network Virtualization.	[MsgId: MERR-56947]
End auto log messages stack.	[MsgId: MMSG-10544]


Start auto log messages stack.	[MsgId: MMSG-10546]
Ending Vuser...	[MsgId: MMSG-15966]
Starting action vuser_end.	[MsgId: MMSG-15919]
Ending action vuser_end.	[MsgId: MMSG-15918]
Vuser Terminated.	[MsgId: MMSG-15963]
Error: Could not remove the dynamic filter to Network Virtualization, causing the error 7. The scenario will continue to run with Network Virtualization.	[MsgId: MERR-56947]
Error: Could not remove the dynamic filter to Network Virtualization, causing the error 1523392852. The scenario will continue to run with Network Virtualization.	[MsgId: MERR-56947]
Start auto log messages stack.	[MsgId: MMSG-10546]
Ending iteration 264.	[MsgId: MMSG-15965]
Starting iteration 265.	[MsgId: MMSG-15968]
Error: Could not remove the dynamic filter to Network Virtualization, causing the error 7. The scenario will continue to run with Network Virtualization.	[MsgId: MERR-56947]
Error: Could not remove the dynamic filter to Network Virtualization, causing the error 1523392852. The scenario will continue to run with Network Virtualization.	[MsgId: MERR-56947]
End auto log messages stack.	[MsgId: MMSG-10544]


Start auto log messages stack.	[MsgId: MMSG-10546]
Ending Vuser...	[MsgId: MMSG-15966]
Starting action vuser_end.	[MsgId: MMSG-15919]
Ending action vuser_end.	[MsgId: MMSG-15918]
Vuser Terminated.	[MsgId: MMSG-15963]
Error: Could not remove the dynamic filter to Network Virtualization, causing the error 7. The scenario will continue to run with Network Virtualization.	[MsgId: MERR-56947]
Error: Could not remove the dynamic filter to Network Virtualization, causing the error 1523392852. The scenario will continue to run with Network Virtualization.	[MsgId: MERR-56947]
Start auto log messages stack - Iteration 6.	[MsgId: MMSG-10545]
Action.c(40): Resource "http://www.bing.com/rp/a282eRIAnHsW_URoyogdzsukm_o.gz.js" is in the cache already and will not be downloaded again  	[MsgId: MMSG-26655]
Action.c(40): Resource "http://www.bing.com/rp/svI82uPNFRD54V4bMLaeahXQXBI.gz.js" is in the cache already and will not be downloaded again  	[MsgId: MMSG-26655]
Action.c(40): web_url("web_url") was successful, 40728 body bytes, 750 header bytes  	[MsgId: MMSG-26386]
Action.c(47): Notify: Transaction "Test4" ended with a "Pass" status (Duration: 0.2839).	[MsgId: MMSG-16873]
Action.c(50): Notify: Transaction "Test5" started.	[MsgId: MMSG-16999]
Action.c(52): web_url("web_url") started  	[MsgId: MMSG-26355]
Action.c(52): Redirecting "http://bing.com" (redirection depth is 0)  	[MsgId: MMSG-26694]
Action.c(52): To location "http://www.bing.com/"  	[MsgId: MMSG-26693]
Action.c(52): Error: Could not remove the dynamic filter to Network Virtualization, causing the error 7. The scenario will continue to run with Network Virtualization.	[MsgId: MERR-56947]
End auto log messages stack.	[MsgId: MMSG-10544]


Start auto log messages stack - Iteration 6.	[MsgId: MMSG-10545]
Action.c(52): Notify: Transaction "Test5" ended with a "Stop" status (Duration: 38.4877).	[MsgId: MMSG-16873]
Action.c(52): Error: Could not remove the dynamic filter to Network Virtualization, causing the error 1523392852. The scenario will continue to run with Network Virtualization.	[MsgId: MERR-56947]
End auto log messages stack.	[MsgId: MMSG-10544]


Start auto log messages stack - Iteration 6.	[MsgId: MMSG-10545]
Abort was called from an action.	[MsgId: MMSG-10447]
Ending Vuser...	[MsgId: MMSG-15966]
Starting action vuser_end.	[MsgId: MMSG-15919]
Ending action vuser_end.	[MsgId: MMSG-15918]
Vuser Terminated.	[MsgId: MMSG-15963]
Error: Could not remove the dynamic filter to Network Virtualization, causing the error 7. The scenario will continue to run with Network Virtualization.	[MsgId: MERR-56947]
Error: Could not remove the dynamic filter to Network Virtualization, causing the error 1523392852. The scenario will continue to run with Network Virtualization.	[MsgId: MERR-56947]
Start auto log messages stack - Iteration 1.	[MsgId: MMSG-10545]
Action.c(40): Resource "http://www.bing.com/rp/hceflue5sqxkKta9dP3R-IFtPuY.gz.js" is in the cache already and will not be downloaded again  	[MsgId: MMSG-26655]
Action.c(40): Resource "http://www.bing.com/rp/a282eRIAnHsW_URoyogdzsukm_o.gz.js" is in the cache already and will not be downloaded again  	[MsgId: MMSG-26655]
Action.c(40): Resource "http://www.bing.com/rp/svI82uPNFRD54V4bMLaeahXQXBI.gz.js" is in the cache already and will not be downloaded again  	[MsgId: MMSG-26655]
Action.c(40): web_url("web_url") was successful, 40726 body bytes, 750 header bytes  	[MsgId: MMSG-26386]
Action.c(47): Notify: Transaction "Test4" ended with a "Pass" status (Duration: 19.3998).	[MsgId: MMSG-16873]
Action.c(50): Notify: Transaction "Test5" started.	[MsgId: MMSG-16999]
Action.c(52): web_url("web_url") started  	[MsgId: MMSG-26355]
Action.c(52): Error: Could not remove the dynamic filter to Network Virtualization, causing the error 7. The scenario will continue to run with Network Virtualization.	[MsgId: MERR-56947]
End auto log messages stack.	[MsgId: MMSG-10544]


Start auto log messages stack - Iteration 1.	[MsgId: MMSG-10545]
Action.c(52): Notify: Transaction "Test5" ended with a "Stop" status (Duration: 19.1758).	[MsgId: MMSG-16873]
Action.c(52): Error: Could not remove the dynamic filter to Network Virtualization, causing the error 1523392852. The scenario will continue to run with Network Virtualization.	[MsgId: MERR-56947]
End auto log messages stack.	[MsgId: MMSG-10544]


Start auto log messages stack - Iteration 1.	[MsgId: MMSG-10545]
Abort was called from an action.	[MsgId: MMSG-10447]
Ending Vuser...	[MsgId: MMSG-15966]
Starting action vuser_end.	[MsgId: MMSG-15919]
Ending action vuser_end.	[MsgId: MMSG-15918]
Vuser Terminated.	[MsgId: MMSG-15963]
Error: Could not remove the dynamic filter to Network Virtualization, causing the error 7. The scenario will continue to run with Network Virtualization.	[MsgId: MERR-56947]
Error: Could not remove the dynamic filter to Network Virtualization, causing the error 1523392852. The scenario will continue to run with Network Virtualization.	[MsgId: MERR-56947]
Start auto log messages stack - Iteration 257.	[MsgId: MMSG-10545]
Action.c(17): Resource "http://www.bing.com/rp/hceflue5sqxkKta9dP3R-IFtPuY.gz.js" is in the cache already and will not be downloaded again  	[MsgId: MMSG-26655]
Action.c(17): Resource "http://www.bing.com/rp/a282eRIAnHsW_URoyogdzsukm_o.gz.js" is in the cache already and will not be downloaded again  	[MsgId: MMSG-26655]
Action.c(17): Resource "http://www.bing.com/rp/svI82uPNFRD54V4bMLaeahXQXBI.gz.js" is in the cache already and will not be downloaded again  	[MsgId: MMSG-26655]
Action.c(17): web_url("web_url") was successful, 40817 body bytes, 750 header bytes  	[MsgId: MMSG-26386]
Action.c(24): Notify: Transaction "Test2" ended with a "Pass" status (Duration: 19.4740).	[MsgId: MMSG-16873]
Action.c(26): Notify: Transaction "Test3" started.	[MsgId: MMSG-16999]
Action.c(28): web_url("web_url") started  	[MsgId: MMSG-26355]
Action.c(28): Error: Could not remove the dynamic filter to Network Virtualization, causing the error 7. The scenario will continue to run with Network Virtualization.	[MsgId: MERR-56947]
End auto log messages stack.	[MsgId: MMSG-10544]


Start auto log messages stack - Iteration 257.	[MsgId: MMSG-10545]
Action.c(28): Notify: Transaction "Test3" ended with a "Stop" status (Duration: 19.2317).	[MsgId: MMSG-16873]
Action.c(28): Error: Could not remove the dynamic filter to Network Virtualization, causing the error 1523392852. The scenario will continue to run with Network Virtualization.	[MsgId: MERR-56947]
End auto log messages stack.	[MsgId: MMSG-10544]


Start auto log messages stack - Iteration 257.	[MsgId: MMSG-10545]
Abort was called from an action.	[MsgId: MMSG-10447]
Ending Vuser...	[MsgId: MMSG-15966]
Starting action vuser_end.	[MsgId: MMSG-15919]
Ending action vuser_end.	[MsgId: MMSG-15918]
Vuser Terminated.	[MsgId: MMSG-15963]
Error: Could not remove the dynamic filter to Network Virtualization, causing the error 7. The scenario will continue to run with Network Virtualization.	[MsgId: MERR-56947]
Error: Could not remove the dynamic filter to Network Virtualization, causing the error 1523392852. The scenario will continue to run with Network Virtualization.	[MsgId: MERR-56947]
Start auto log messages stack - Iteration 258.	[MsgId: MMSG-10545]
Start auto log messages stack - Iteration 257.	[MsgId: MMSG-10545]
Action.c(28): Resource "http://www.bing.com/rp/hceflue5sqxkKta9dP3R-IFtPuY.gz.js" is in the cache already and will not be downloaded again  	[MsgId: MMSG-26655]
Action.c(28): Resource "http://www.bing.com/rp/hceflue5sqxkKta9dP3R-IFtPuY.gz.js" is in the cache already and will not be downloaded again  	[MsgId: MMSG-26655]
Action.c(28): Resource "http://www.bing.com/rp/a282eRIAnHsW_URoyogdzsukm_o.gz.js" is in the cache already and will not be downloaded again  	[MsgId: MMSG-26655]
Action.c(28): Resource "http://www.bing.com/rp/a282eRIAnHsW_URoyogdzsukm_o.gz.js" is in the cache already and will not be downloaded again  	[MsgId: MMSG-26655]
Action.c(28): Resource "http://www.bing.com/rp/svI82uPNFRD54V4bMLaeahXQXBI.gz.js" is in the cache already and will not be downloaded again  	[MsgId: MMSG-26655]
Action.c(28): Resource "http://www.bing.com/rp/svI82uPNFRD54V4bMLaeahXQXBI.gz.js" is in the cache already and will not be downloaded again  	[MsgId: MMSG-26655]
Action.c(28): web_url("web_url") was successful, 40819 body bytes, 750 header bytes  	[MsgId: MMSG-26386]
Action.c(28): web_url("web_url") was successful, 40817 body bytes, 750 header bytes  	[MsgId: MMSG-26386]
Action.c(35): Notify: Transaction "Test3" ended with a "Pass" status (Duration: 19.5465).	[MsgId: MMSG-16873]
Action.c(35): Notify: Transaction "Test3" ended with a "Pass" status (Duration: 19.4950).	[MsgId: MMSG-16873]
Action.c(38): Notify: Transaction "Test4" started.	[MsgId: MMSG-16999]
Action.c(40): web_url("web_url") started  	[MsgId: MMSG-26355]
Action.c(38): Notify: Transaction "Test4" started.	[MsgId: MMSG-16999]
Action.c(40): Error: Could not remove the dynamic filter to Network Virtualization, causing the error 7. The scenario will continue to run with Network Virtualization.	[MsgId: MERR-56947]
Action.c(40): web_url("web_url") started  	[MsgId: MMSG-26355]
End auto log messages stack.	[MsgId: MMSG-10544]
Action.c(40): Error: Could not remove the dynamic filter to Network Virtualization, causing the error 7. The scenario will continue to run with Network Virtualization.	[MsgId: MERR-56947]


End auto log messages stack.	[MsgId: MMSG-10544]
Start auto log messages stack - Iteration 257.	[MsgId: MMSG-10545]


Action.c(40): Notify: Transaction "Test4" ended with a "Stop" status (Duration: 19.2102).	[MsgId: MMSG-16873]
Start auto log messages stack - Iteration 258.	[MsgId: MMSG-10545]
Action.c(40): Error: Could not remove the dynamic filter to Network Virtualization, causing the error 1523392852. The scenario will continue to run with Network Virtualization.	[MsgId: MERR-56947]
Action.c(40): Notify: Transaction "Test4" ended with a "Stop" status (Duration: 19.2280).	[MsgId: MMSG-16873]
Action.c(40): Error: Could not remove the dynamic filter to Network Virtualization, causing the error 1523392852. The scenario will continue to run with Network Virtualization.	[MsgId: MERR-56947]
End auto log messages stack.	[MsgId: MMSG-10544]
End auto log messages stack.	[MsgId: MMSG-10544]




Start auto log messages stack - Iteration 257.	[MsgId: MMSG-10545]
Start auto log messages stack - Iteration 258.	[MsgId: MMSG-10545]
Abort was called from an action.	[MsgId: MMSG-10447]
Abort was called from an action.	[MsgId: MMSG-10447]
Ending Vuser...	[MsgId: MMSG-15966]
Ending Vuser...	[MsgId: MMSG-15966]
Starting action vuser_end.	[MsgId: MMSG-15919]
Starting action vuser_end.	[MsgId: MMSG-15919]
Ending action vuser_end.	[MsgId: MMSG-15918]
Ending action vuser_end.	[MsgId: MMSG-15918]
Vuser Terminated.	[MsgId: MMSG-15963]
Vuser Terminated.	[MsgId: MMSG-15963]
Error: Could not remove the dynamic filter to Network Virtualization, causing the error 7. The scenario will continue to run with Network Virtualization.	[MsgId: MERR-56947]
Error: Could not remove the dynamic filter to Network Virtualization, causing the error 7. The scenario will continue to run with Network Virtualization.	[MsgId: MERR-56947]
Error: Could not remove the dynamic filter to Network Virtualization, causing the error 1523392852. The scenario will continue to run with Network Virtualization.	[MsgId: MERR-56947]
Error: Could not remove the dynamic filter to Network Virtualization, causing the error 1523392852. The scenario will continue to run with Network Virtualization.	[MsgId: MERR-56947]
Start auto log messages stack - Iteration 258.	[MsgId: MMSG-10545]
Starting action Action.	[MsgId: MMSG-15919]
Action.c(4): Notify: Transaction "Test1" started.	[MsgId: MMSG-16999]
Action.c(6): web_url("web_url") started  	[MsgId: MMSG-26355]
Action.c(6): Redirecting "http://bing.com" (redirection depth is 0)  	[MsgId: MMSG-26694]
Action.c(6): To location "http://www.bing.com/"  	[MsgId: MMSG-26693]
Action.c(6): Error: Could not remove the dynamic filter to Network Virtualization, causing the error 7. The scenario will continue to run with Network Virtualization.	[MsgId: MERR-56947]
End auto log messages stack.	[MsgId: MMSG-10544]


Start auto log messages stack - Iteration 258.	[MsgId: MMSG-10545]
Action.c(6): Notify: Transaction "Test1" ended with a "Stop" status (Duration: 61.7686).	[MsgId: MMSG-16873]
Action.c(6): Error: Could not remove the dynamic filter to Network Virtualization, causing the error 1523392852. The scenario will continue to run with Network Virtualization.	[MsgId: MERR-56947]
End auto log messages stack.	[MsgId: MMSG-10544]


Start auto log messages stack - Iteration 258.	[MsgId: MMSG-10545]
Abort was called from an action.	[MsgId: MMSG-10447]
Ending Vuser...	[MsgId: MMSG-15966]
Starting action vuser_end.	[MsgId: MMSG-15919]
Ending action vuser_end.	[MsgId: MMSG-15918]
Vuser Terminated.	[MsgId: MMSG-15963]
Error: Could not remove the dynamic filter to Network Virtualization, causing the error 7. The scenario will continue to run with Network Virtualization.	[MsgId: MERR-56947]
Error: Could not remove the dynamic filter to Network Virtualization, causing the error 1523392852. The scenario will continue to run with Network Virtualization.	[MsgId: MERR-56947]
Start auto log messages stack - Iteration 258.	[MsgId: MMSG-10545]
Action.c(52): Resource "http://www.bing.com/rp/a282eRIAnHsW_URoyogdzsukm_o.gz.js" is in the cache already and will not be downloaded again  	[MsgId: MMSG-26655]
Action.c(52): Resource "http://www.bing.com/rp/svI82uPNFRD54V4bMLaeahXQXBI.gz.js" is in the cache already and will not be downloaded again  	[MsgId: MMSG-26655]
Action.c(52): web_url("web_url") was successful, 40730 body bytes, 750 header bytes  	[MsgId: MMSG-26386]
Action.c(59): Notify: Transaction "Test5" ended with a "Pass" status (Duration: 0.1531).	[MsgId: MMSG-16873]
Action.c(62): Notify: Transaction "Test6" started.	[MsgId: MMSG-16999]
Action.c(64): web_url("web_url") started  	[MsgId: MMSG-26355]
Action.c(64): Redirecting "http://bing.com" (redirection depth is 0)  	[MsgId: MMSG-26694]
Action.c(64): To location "http://www.bing.com/"  	[MsgId: MMSG-26693]
Action.c(64): Error: Could not remove the dynamic filter to Network Virtualization, causing the error 7. The scenario will continue to run with Network Virtualization.	[MsgId: MERR-56947]
End auto log messages stack.	[MsgId: MMSG-10544]


Start auto log messages stack - Iteration 258.	[MsgId: MMSG-10545]
Action.c(64): Notify: Transaction "Test6" ended with a "Stop" status (Duration: 63.3179).	[MsgId: MMSG-16873]
Action.c(64): Error: Could not remove the dynamic filter to Network Virtualization, causing the error 1523392852. The scenario will continue to run with Network Virtualization.	[MsgId: MERR-56947]
End auto log messages stack.	[MsgId: MMSG-10544]


Start auto log messages stack - Iteration 258.	[MsgId: MMSG-10545]
Abort was called from an action.	[MsgId: MMSG-10447]
Ending Vuser...	[MsgId: MMSG-15966]
Starting action vuser_end.	[MsgId: MMSG-15919]
Ending action vuser_end.	[MsgId: MMSG-15918]
Vuser Terminated.	[MsgId: MMSG-15963]
Error: Could not remove the dynamic filter to Network Virtualization, causing the error 7. The scenario will continue to run with Network Virtualization.	[MsgId: MERR-56947]
Error: Could not remove the dynamic filter to Network Virtualization, causing the error 1523392852. The scenario will continue to run with Network Virtualization.	[MsgId: MERR-56947]
Start auto log messages stack - Iteration 259.	[MsgId: MMSG-10545]
Action.c(40): Resource "http://www.bing.com/rp/a282eRIAnHsW_URoyogdzsukm_o.gz.js" is in the cache already and will not be downloaded again  	[MsgId: MMSG-26655]
Action.c(40): Resource "http://www.bing.com/rp/svI82uPNFRD54V4bMLaeahXQXBI.gz.js" is in the cache already and will not be downloaded again  	[MsgId: MMSG-26655]
Action.c(40): web_url("web_url") was successful, 40728 body bytes, 750 header bytes  	[MsgId: MMSG-26386]
Action.c(47): Notify: Transaction "Test4" ended with a "Pass" status (Duration: 0.1470).	[MsgId: MMSG-16873]
Action.c(50): Notify: Transaction "Test5" started.	[MsgId: MMSG-16999]
Action.c(52): web_url("web_url") started  	[MsgId: MMSG-26355]
Action.c(52): Redirecting "http://bing.com" (redirection depth is 0)  	[MsgId: MMSG-26694]
Action.c(52): To location "http://www.bing.com/"  	[MsgId: MMSG-26693]
Action.c(52): Error: Could not remove the dynamic filter to Network Virtualization, causing the error 7. The scenario will continue to run with Network Virtualization.	[MsgId: MERR-56947]
End auto log messages stack.	[MsgId: MMSG-10544]


Start auto log messages stack - Iteration 259.	[MsgId: MMSG-10545]
Action.c(52): Notify: Transaction "Test5" ended with a "Stop" status (Duration: 63.3487).	[MsgId: MMSG-16873]
Action.c(52): Error: Could not remove the dynamic filter to Network Virtualization, causing the error 1523392852. The scenario will continue to run with Network Virtualization.	[MsgId: MERR-56947]
End auto log messages stack.	[MsgId: MMSG-10544]


Start auto log messages stack - Iteration 259.	[MsgId: MMSG-10545]
Abort was called from an action.	[MsgId: MMSG-10447]
Ending Vuser...	[MsgId: MMSG-15966]
Starting action vuser_end.	[MsgId: MMSG-15919]
Ending action vuser_end.	[MsgId: MMSG-15918]
Vuser Terminated.	[MsgId: MMSG-15963]
Error: Could not remove the dynamic filter to Network Virtualization, causing the error 7. The scenario will continue to run with Network Virtualization.	[MsgId: MERR-56947]
Error: Could not remove the dynamic filter to Network Virtualization, causing the error 1523392852. The scenario will continue to run with Network Virtualization.	[MsgId: MERR-56947]
Start auto log messages stack - Iteration 258.	[MsgId: MMSG-10545]
Action.c(28): Resource "http://www.bing.com/rp/a282eRIAnHsW_URoyogdzsukm_o.gz.js" is in the cache already and will not be downloaded again  	[MsgId: MMSG-26655]
Action.c(28): Resource "http://www.bing.com/rp/svI82uPNFRD54V4bMLaeahXQXBI.gz.js" is in the cache already and will not be downloaded again  	[MsgId: MMSG-26655]
Action.c(28): web_url("web_url") was successful, 40730 body bytes, 750 header bytes  	[MsgId: MMSG-26386]
Action.c(35): Notify: Transaction "Test3" ended with a "Pass" status (Duration: 0.1480).	[MsgId: MMSG-16873]
Action.c(38): Notify: Transaction "Test4" started.	[MsgId: MMSG-16999]
Action.c(40): web_url("web_url") started  	[MsgId: MMSG-26355]
Action.c(40): Redirecting "http://bing.com" (redirection depth is 0)  	[MsgId: MMSG-26694]
Action.c(40): To location "http://www.bing.com/"  	[MsgId: MMSG-26693]
Action.c(40): Error: Could not remove the dynamic filter to Network Virtualization, causing the error 7. The scenario will continue to run with Network Virtualization.	[MsgId: MERR-56947]
End auto log messages stack.	[MsgId: MMSG-10544]


Start auto log messages stack - Iteration 258.	[MsgId: MMSG-10545]
Action.c(40): Notify: Transaction "Test4" ended with a "Stop" status (Duration: 63.4796).	[MsgId: MMSG-16873]
Action.c(40): Error: Could not remove the dynamic filter to Network Virtualization, causing the error 1523392852. The scenario will continue to run with Network Virtualization.	[MsgId: MERR-56947]
End auto log messages stack.	[MsgId: MMSG-10544]


Start auto log messages stack - Iteration 258.	[MsgId: MMSG-10545]
Abort was called from an action.	[MsgId: MMSG-10447]
Ending Vuser...	[MsgId: MMSG-15966]
Starting action vuser_end.	[MsgId: MMSG-15919]
Ending action vuser_end.	[MsgId: MMSG-15918]
Vuser Terminated.	[MsgId: MMSG-15963]
Error: Could not remove the dynamic filter to Network Virtualization, causing the error 7. The scenario will continue to run with Network Virtualization.	[MsgId: MERR-56947]
Error: Could not remove the dynamic filter to Network Virtualization, causing the error 1523392852. The scenario will continue to run with Network Virtualization.	[MsgId: MERR-56947]
Start auto log messages stack - Iteration 5.	[MsgId: MMSG-10545]
Starting action Action.	[MsgId: MMSG-15919]
Action.c(4): Notify: Transaction "Test1" started.	[MsgId: MMSG-16999]
Action.c(6): web_url("web_url") started  	[MsgId: MMSG-26355]
Action.c(6): Redirecting "http://bing.com" (redirection depth is 0)  	[MsgId: MMSG-26694]
Action.c(6): To location "http://www.bing.com/"  	[MsgId: MMSG-26693]
Action.c(6): Error: Could not remove the dynamic filter to Network Virtualization, causing the error 7. The scenario will continue to run with Network Virtualization.	[MsgId: MERR-56947]
End auto log messages stack.	[MsgId: MMSG-10544]


Start auto log messages stack - Iteration 5.	[MsgId: MMSG-10545]
Action.c(6): Notify: Transaction "Test1" ended with a "Stop" status (Duration: 64.4570).	[MsgId: MMSG-16873]
Action.c(6): Error: Could not remove the dynamic filter to Network Virtualization, causing the error 1523392852. The scenario will continue to run with Network Virtualization.	[MsgId: MERR-56947]
End auto log messages stack.	[MsgId: MMSG-10544]


Start auto log messages stack - Iteration 5.	[MsgId: MMSG-10545]
Abort was called from an action.	[MsgId: MMSG-10447]
Ending Vuser...	[MsgId: MMSG-15966]
Starting action vuser_end.	[MsgId: MMSG-15919]
Ending action vuser_end.	[MsgId: MMSG-15918]
Vuser Terminated.	[MsgId: MMSG-15963]
Error: Could not remove the dynamic filter to Network Virtualization, causing the error 7. The scenario will continue to run with Network Virtualization.	[MsgId: MERR-56947]
Error: Could not remove the dynamic filter to Network Virtualization, causing the error 1523392852. The scenario will continue to run with Network Virtualization.	[MsgId: MERR-56947]
Start auto log messages stack - Iteration 259.	[MsgId: MMSG-10545]
Starting action Action.	[MsgId: MMSG-15919]
Action.c(4): Notify: Transaction "Test1" started.	[MsgId: MMSG-16999]
Action.c(6): web_url("web_url") started  	[MsgId: MMSG-26355]
Action.c(6): Redirecting "http://bing.com" (redirection depth is 0)  	[MsgId: MMSG-26694]
Action.c(6): To location "http://www.bing.com/"  	[MsgId: MMSG-26693]
Action.c(6): Error: Could not remove the dynamic filter to Network Virtualization, causing the error 7. The scenario will continue to run with Network Virtualization.	[MsgId: MERR-56947]
End auto log messages stack.	[MsgId: MMSG-10544]


Start auto log messages stack - Iteration 259.	[MsgId: MMSG-10545]
Action.c(6): Notify: Transaction "Test1" ended with a "Stop" status (Duration: 65.9878).	[MsgId: MMSG-16873]
Action.c(6): Error: Could not remove the dynamic filter to Network Virtualization, causing the error 1523392852. The scenario will continue to run with Network Virtualization.	[MsgId: MERR-56947]
End auto log messages stack.	[MsgId: MMSG-10544]


Start auto log messages stack - Iteration 259.	[MsgId: MMSG-10545]
Abort was called from an action.	[MsgId: MMSG-10447]
Ending Vuser...	[MsgId: MMSG-15966]
Starting action vuser_end.	[MsgId: MMSG-15919]
Ending action vuser_end.	[MsgId: MMSG-15918]
Vuser Terminated.	[MsgId: MMSG-15963]
Error: Could not remove the dynamic filter to Network Virtualization, causing the error 7. The scenario will continue to run with Network Virtualization.	[MsgId: MERR-56947]
Error: Could not remove the dynamic filter to Network Virtualization, causing the error 1523392852. The scenario will continue to run with Network Virtualization.	[MsgId: MERR-56947]
Start auto log messages stack - Iteration 3.	[MsgId: MMSG-10545]
Start auto log messages stack - Iteration 260.	[MsgId: MMSG-10545]
Action.c(6): Found resource "http://www.bing.com/rp/a282eRIAnHsW_URoyogdzsukm_o.gz.js" in HTML "http://www.bing.com/"  	[MsgId: MMSG-26659]
Action.c(6): Found resource "http://www.bing.com/rp/a282eRIAnHsW_URoyogdzsukm_o.gz.js" in HTML "http://www.bing.com/"  	[MsgId: MMSG-26659]
Action.c(6): Found resource "http://www.bing.com/rp/svI82uPNFRD54V4bMLaeahXQXBI.gz.js" in HTML "http://www.bing.com/"  	[MsgId: MMSG-26659]
Action.c(6): Found resource "http://www.bing.com/rp/svI82uPNFRD54V4bMLaeahXQXBI.gz.js" in HTML "http://www.bing.com/"  	[MsgId: MMSG-26659]
Action.c(6): Warning -27792: Failed to connect to server "www.bing.com:80": [10060] Connection timed out  	[MsgId: MWAR-27792]
Action.c(6): Warning -27792: Failed to connect to server "www.bing.com:80": [10060] Connection timed out  	[MsgId: MWAR-27792]
Action.c(6): Warning -27792: Failed to connect to server "www.bing.com:80": [10060] Connection timed out  	[MsgId: MWAR-27792]
Action.c(6): Warning -27792: Failed to connect to server "www.bing.com:80": [10060] Connection timed out  	[MsgId: MWAR-27792]
Action.c(6): Warning -27792: Failed to connect to server "www.bing.com:80": [10060] Connection timed out  	[MsgId: MWAR-27792]
Action.c(6): Warning -27792: Failed to connect to server "www.bing.com:80": [10060] Connection timed out  	[MsgId: MWAR-27792]
Action.c(6): Warning -27792: Failed to connect to server "www.bing.com:80": [10060] Connection timed out  	[MsgId: MWAR-27792]
Action.c(6): Warning -27792: Failed to connect to server "www.bing.com:80": [10060] Connection timed out  	[MsgId: MWAR-27792]
Action.c(6): Error -27721: Step download timeout (120 seconds) has expired when downloading resource "http://www.bing.com/"  	[MsgId: MERR-27721]
Action.c(6): Error -27721: Step download timeout (120 seconds) has expired when downloading resource "http://www.bing.com/"  	[MsgId: MERR-27721]
End auto log messages stack.	[MsgId: MMSG-10544]
End auto log messages stack.	[MsgId: MMSG-10544]




Start auto log messages stack.	[MsgId: MMSG-10546]
Start auto log messages stack.	[MsgId: MMSG-10546]
Ending iteration 3.	[MsgId: MMSG-15965]
Ending iteration 260.	[MsgId: MMSG-15965]
Starting iteration 4.	[MsgId: MMSG-15968]
Starting iteration 261.	[MsgId: MMSG-15968]
Error: Could not remove the dynamic filter to Network Virtualization, causing the error 7. The scenario will continue to run with Network Virtualization.	[MsgId: MERR-56947]
Error: Could not remove the dynamic filter to Network Virtualization, causing the error 7. The scenario will continue to run with Network Virtualization.	[MsgId: MERR-56947]
Error: Could not remove the dynamic filter to Network Virtualization, causing the error 1523392852. The scenario will continue to run with Network Virtualization.	[MsgId: MERR-56947]
Error: Could not remove the dynamic filter to Network Virtualization, causing the error 1523392852. The scenario will continue to run with Network Virtualization.	[MsgId: MERR-56947]
End auto log messages stack.	[MsgId: MMSG-10544]
End auto log messages stack.	[MsgId: MMSG-10544]




Notify: The Network Virtualization Emulation Dynamic Filter API was closed.	[MsgId: MMSG-56945]
