Start auto log messages stack - Iteration 12.	[MsgId: MMSG-10545]
Starting action Action.	[MsgId: MMSG-15919]
Action.c(4): Notify: Transaction "Test1" started.	[MsgId: MMSG-16999]
Action.c(6): web_url("web_url") started  	[MsgId: MMSG-26355]
Action.c(6): Redirecting "http://bing.com" (redirection depth is 0)  	[MsgId: MMSG-26694]
Action.c(6): To location "http://www.bing.com/"  	[MsgId: MMSG-26693]
Action.c(6): Error -27792: Failed to connect to server "www.bing.com:80": [10060] Connection timed out  	[MsgId: MERR-27792]
End auto log messages stack.	[MsgId: MMSG-10544]


Start auto log messages stack - Iteration 41.	[MsgId: MMSG-10545]
Starting action Action.	[MsgId: MMSG-15919]
Action.c(4): Notify: Transaction "Test1" started.	[MsgId: MMSG-16999]
Action.c(6): web_url("web_url") started  	[MsgId: MMSG-26355]
Action.c(6): Redirecting "http://bing.com" (redirection depth is 0)  	[MsgId: MMSG-26694]
Action.c(6): To location "http://www.bing.com/"  	[MsgId: MMSG-26693]
Action.c(6): Error -27792: Failed to connect to server "www.bing.com:80": [10060] Connection timed out  	[MsgId: MERR-27792]
End auto log messages stack.	[MsgId: MMSG-10544]


Start auto log messages stack - Iteration 61.	[MsgId: MMSG-10545]
Starting action Action.	[MsgId: MMSG-15919]
Action.c(4): Notify: Transaction "Test1" started.	[MsgId: MMSG-16999]
Action.c(6): web_url("web_url") started  	[MsgId: MMSG-26355]
Action.c(6): Redirecting "http://bing.com" (redirection depth is 0)  	[MsgId: MMSG-26694]
Action.c(6): To location "http://www.bing.com/"  	[MsgId: MMSG-26693]
Action.c(6): Error -27792: Failed to connect to server "www.bing.com:80": [10060] Connection timed out  	[MsgId: MERR-27792]
End auto log messages stack.	[MsgId: MMSG-10544]


