Notify: Initialized Dynamic Filter API for Network Virtualization emulation.	[MsgId: MMSG-56949]
Start auto log messages stack - Iteration 257.	[MsgId: MMSG-10545]
Starting action Action.	[MsgId: MMSG-15919]
Action.c(4): Notify: Transaction "Test1" started.	[MsgId: MMSG-16999]
Action.c(6): web_url("web_url") started  	[MsgId: MMSG-26355]
Action.c(6): Redirecting "http://bing.com" (redirection depth is 0)  	[MsgId: MMSG-26694]
Action.c(6): To location "http://www.bing.com/"  	[MsgId: MMSG-26693]
Action.c(6): Error -27792: Failed to connect to server "www.bing.com:80": [10060] Connection timed out  	[MsgId: MERR-27792]
End auto log messages stack.	[MsgId: MMSG-10544]


Start auto log messages stack - Iteration 1.	[MsgId: MMSG-10545]
Starting action Action.	[MsgId: MMSG-15919]
Action.c(4): Notify: Transaction "Test1" started.	[MsgId: MMSG-16999]
Action.c(6): web_url("web_url") started  	[MsgId: MMSG-26355]
Action.c(6): Error -27792: Failed to connect to server "bing.com:80": [10060] Connection timed out  	[MsgId: MERR-27792]
End auto log messages stack.	[MsgId: MMSG-10544]


Start auto log messages stack.	[MsgId: MMSG-10546]
Ending iteration 262.	[MsgId: MMSG-15965]
Starting iteration 263.	[MsgId: MMSG-15968]
Error: Could not remove the dynamic filter to Network Virtualization, causing the error 7. The scenario will continue to run with Network Virtualization.	[MsgId: MERR-56947]
Error: Could not remove the dynamic filter to Network Virtualization, causing the error 1523392852. The scenario will continue to run with Network Virtualization.	[MsgId: MERR-56947]
End auto log messages stack.	[MsgId: MMSG-10544]


Start auto log messages stack.	[MsgId: MMSG-10546]
Ending Vuser...	[MsgId: MMSG-15966]
Starting action vuser_end.	[MsgId: MMSG-15919]
Ending action vuser_end.	[MsgId: MMSG-15918]
Vuser Terminated.	[MsgId: MMSG-15963]
Error: Could not remove the dynamic filter to Network Virtualization, causing the error 7. The scenario will continue to run with Network Virtualization.	[MsgId: MERR-56947]
Error: Could not remove the dynamic filter to Network Virtualization, causing the error 1523392852. The scenario will continue to run with Network Virtualization.	[MsgId: MERR-56947]
Start auto log messages stack.	[MsgId: MMSG-10546]
Ending iteration 4.	[MsgId: MMSG-15965]
Starting iteration 5.	[MsgId: MMSG-15968]
Error: Could not remove the dynamic filter to Network Virtualization, causing the error 7. The scenario will continue to run with Network Virtualization.	[MsgId: MERR-56947]
Error: Could not remove the dynamic filter to Network Virtualization, causing the error 1523392852. The scenario will continue to run with Network Virtualization.	[MsgId: MERR-56947]
End auto log messages stack.	[MsgId: MMSG-10544]


Start auto log messages stack.	[MsgId: MMSG-10546]
Ending Vuser...	[MsgId: MMSG-15966]
Starting action vuser_end.	[MsgId: MMSG-15919]
Ending action vuser_end.	[MsgId: MMSG-15918]
Vuser Terminated.	[MsgId: MMSG-15963]
Error: Could not remove the dynamic filter to Network Virtualization, causing the error 7. The scenario will continue to run with Network Virtualization.	[MsgId: MERR-56947]
Error: Could not remove the dynamic filter to Network Virtualization, causing the error 1523392852. The scenario will continue to run with Network Virtualization.	[MsgId: MERR-56947]
Start auto log messages stack.	[MsgId: MMSG-10546]
Ending iteration 261.	[MsgId: MMSG-15965]
Starting iteration 262.	[MsgId: MMSG-15968]
Error: Could not remove the dynamic filter to Network Virtualization, causing the error 7. The scenario will continue to run with Network Virtualization.	[MsgId: MERR-56947]
Error: Could not remove the dynamic filter to Network Virtualization, causing the error 1523392852. The scenario will continue to run with Network Virtualization.	[MsgId: MERR-56947]
End auto log messages stack.	[MsgId: MMSG-10544]


Start auto log messages stack.	[MsgId: MMSG-10546]
Ending Vuser...	[MsgId: MMSG-15966]
Starting action vuser_end.	[MsgId: MMSG-15919]
Ending action vuser_end.	[MsgId: MMSG-15918]
Vuser Terminated.	[MsgId: MMSG-15963]
Error: Could not remove the dynamic filter to Network Virtualization, causing the error 7. The scenario will continue to run with Network Virtualization.	[MsgId: MERR-56947]
Error: Could not remove the dynamic filter to Network Virtualization, causing the error 1523392852. The scenario will continue to run with Network Virtualization.	[MsgId: MERR-56947]
Start auto log messages stack - Iteration 258.	[MsgId: MMSG-10545]
Action.c(17): Redirecting "http://bing.com" (redirection depth is 0)  	[MsgId: MMSG-26694]
Action.c(17): To location "http://www.bing.com/"  	[MsgId: MMSG-26693]
Action.c(17): Found resource "http://www.bing.com/rp/MDr1f9aJs4rBVf1F5DAtlALvweY.gz.js" in HTML "http://www.bing.com/"  	[MsgId: MMSG-26659]
Action.c(17): Found resource "http://www.bing.com/rp/hceflue5sqxkKta9dP3R-IFtPuY.gz.js" in HTML "http://www.bing.com/"  	[MsgId: MMSG-26659]
Action.c(17): Found resource "http://www.bing.com/rp/a282eRIAnHsW_URoyogdzsukm_o.gz.js" in HTML "http://www.bing.com/"  	[MsgId: MMSG-26659]
Action.c(17): Found resource "http://www.bing.com/rp/svI82uPNFRD54V4bMLaeahXQXBI.gz.js" in HTML "http://www.bing.com/"  	[MsgId: MMSG-26659]
Action.c(17): Error: Could not remove the dynamic filter to Network Virtualization, causing the error 7. The scenario will continue to run with Network Virtualization.	[MsgId: MERR-56947]
End auto log messages stack.	[MsgId: MMSG-10544]


Start auto log messages stack - Iteration 258.	[MsgId: MMSG-10545]
Action.c(17): Notify: Transaction "Test2" ended with a "Stop" status (Duration: 5.1284).	[MsgId: MMSG-16873]
Action.c(17): Error: Could not remove the dynamic filter to Network Virtualization, causing the error 1523392852. The scenario will continue to run with Network Virtualization.	[MsgId: MERR-56947]
End auto log messages stack.	[MsgId: MMSG-10544]


Start auto log messages stack - Iteration 258.	[MsgId: MMSG-10545]
Abort was called from an action.	[MsgId: MMSG-10447]
Ending Vuser...	[MsgId: MMSG-15966]
Starting action vuser_end.	[MsgId: MMSG-15919]
Ending action vuser_end.	[MsgId: MMSG-15918]
Vuser Terminated.	[MsgId: MMSG-15963]
Error: Could not remove the dynamic filter to Network Virtualization, causing the error 7. The scenario will continue to run with Network Virtualization.	[MsgId: MERR-56947]
Error: Could not remove the dynamic filter to Network Virtualization, causing the error 1523392852. The scenario will continue to run with Network Virtualization.	[MsgId: MERR-56947]
Start auto log messages stack - Iteration 258.	[MsgId: MMSG-10545]
Action.c(28): Resource "http://www.bing.com/rp/a282eRIAnHsW_URoyogdzsukm_o.gz.js" is in the cache already and will not be downloaded again  	[MsgId: MMSG-26655]
Action.c(28): Resource "http://www.bing.com/rp/svI82uPNFRD54V4bMLaeahXQXBI.gz.js" is in the cache already and will not be downloaded again  	[MsgId: MMSG-26655]
Action.c(28): web_url("web_url") was successful, 40732 body bytes, 750 header bytes  	[MsgId: MMSG-26386]
Action.c(35): Notify: Transaction "Test3" ended with a "Pass" status (Duration: 0.1431).	[MsgId: MMSG-16873]
Action.c(38): Notify: Transaction "Test4" started.	[MsgId: MMSG-16999]
Action.c(40): web_url("web_url") started  	[MsgId: MMSG-26355]
Action.c(40): Redirecting "http://bing.com" (redirection depth is 0)  	[MsgId: MMSG-26694]
Action.c(40): To location "http://www.bing.com/"  	[MsgId: MMSG-26693]
Action.c(40): Error: Could not remove the dynamic filter to Network Virtualization, causing the error 7. The scenario will continue to run with Network Virtualization.	[MsgId: MERR-56947]
End auto log messages stack.	[MsgId: MMSG-10544]


Start auto log messages stack - Iteration 258.	[MsgId: MMSG-10545]
Action.c(40): Notify: Transaction "Test4" ended with a "Stop" status (Duration: 38.4843).	[MsgId: MMSG-16873]
Action.c(40): Error: Could not remove the dynamic filter to Network Virtualization, causing the error 1523392852. The scenario will continue to run with Network Virtualization.	[MsgId: MERR-56947]
End auto log messages stack.	[MsgId: MMSG-10544]


Start auto log messages stack - Iteration 258.	[MsgId: MMSG-10545]
Abort was called from an action.	[MsgId: MMSG-10447]
Ending Vuser...	[MsgId: MMSG-15966]
Starting action vuser_end.	[MsgId: MMSG-15919]
Ending action vuser_end.	[MsgId: MMSG-15918]
Vuser Terminated.	[MsgId: MMSG-15963]
Error: Could not remove the dynamic filter to Network Virtualization, causing the error 7. The scenario will continue to run with Network Virtualization.	[MsgId: MERR-56947]
Error: Could not remove the dynamic filter to Network Virtualization, causing the error 1523392852. The scenario will continue to run with Network Virtualization.	[MsgId: MERR-56947]
Start auto log messages stack - Iteration 255.	[MsgId: MMSG-10545]
Action.c(17): Resource "http://www.bing.com/rp/a282eRIAnHsW_URoyogdzsukm_o.gz.js" is in the cache already and will not be downloaded again  	[MsgId: MMSG-26655]
Action.c(17): Resource "http://www.bing.com/rp/svI82uPNFRD54V4bMLaeahXQXBI.gz.js" is in the cache already and will not be downloaded again  	[MsgId: MMSG-26655]
Action.c(17): web_url("web_url") was successful, 40730 body bytes, 750 header bytes  	[MsgId: MMSG-26386]
Action.c(24): Notify: Transaction "Test2" ended with a "Pass" status (Duration: 0.2021).	[MsgId: MMSG-16873]
Action.c(26): Notify: Transaction "Test3" started.	[MsgId: MMSG-16999]
Action.c(28): web_url("web_url") started  	[MsgId: MMSG-26355]
Action.c(28): Redirecting "http://bing.com" (redirection depth is 0)  	[MsgId: MMSG-26694]
Action.c(28): To location "http://www.bing.com/"  	[MsgId: MMSG-26693]
Action.c(28): Error: Could not remove the dynamic filter to Network Virtualization, causing the error 7. The scenario will continue to run with Network Virtualization.	[MsgId: MERR-56947]
End auto log messages stack.	[MsgId: MMSG-10544]


Start auto log messages stack - Iteration 255.	[MsgId: MMSG-10545]
Action.c(28): Notify: Transaction "Test3" ended with a "Stop" status (Duration: 38.4855).	[MsgId: MMSG-16873]
Action.c(28): Error: Could not remove the dynamic filter to Network Virtualization, causing the error 1523392852. The scenario will continue to run with Network Virtualization.	[MsgId: MERR-56947]
End auto log messages stack.	[MsgId: MMSG-10544]


Start auto log messages stack - Iteration 255.	[MsgId: MMSG-10545]
Abort was called from an action.	[MsgId: MMSG-10447]
Ending Vuser...	[MsgId: MMSG-15966]
Starting action vuser_end.	[MsgId: MMSG-15919]
Ending action vuser_end.	[MsgId: MMSG-15918]
Vuser Terminated.	[MsgId: MMSG-15963]
Error: Could not remove the dynamic filter to Network Virtualization, causing the error 7. The scenario will continue to run with Network Virtualization.	[MsgId: MERR-56947]
Error: Could not remove the dynamic filter to Network Virtualization, causing the error 1523392852. The scenario will continue to run with Network Virtualization.	[MsgId: MERR-56947]
Start auto log messages stack - Iteration 259.	[MsgId: MMSG-10545]
Start auto log messages stack - Iteration 258.	[MsgId: MMSG-10545]
Action.c(17): Resource "http://www.bing.com/rp/a282eRIAnHsW_URoyogdzsukm_o.gz.js" is in the cache already and will not be downloaded again  	[MsgId: MMSG-26655]
Action.c(17): Resource "http://www.bing.com/rp/svI82uPNFRD54V4bMLaeahXQXBI.gz.js" is in the cache already and will not be downloaded again  	[MsgId: MMSG-26655]
Action.c(17): web_url("web_url") was successful, 40731 body bytes, 750 header bytes  	[MsgId: MMSG-26386]
Action.c(6): Warning -27787: Server "www.bing.com" has shut down the connection prematurely  	[MsgId: MWAR-27787]
Action.c(24): Notify: Transaction "Test2" ended with a "Pass" status (Duration: 0.2048).	[MsgId: MMSG-16873]
Action.c(6): Warning -27787: Server "www.bing.com" has shut down the connection prematurely  	[MsgId: MWAR-27787]
Action.c(26): Notify: Transaction "Test3" started.	[MsgId: MMSG-16999]
Action.c(6): web_url("web_url") highest severity level was "warning", 40869 body bytes, 1668 header bytes  	[MsgId: MMSG-26388]
Action.c(28): web_url("web_url") started  	[MsgId: MMSG-26355]
Action.c(13): Notify: Transaction "Test1" ended with a "Pass" status (Duration: 19.5487).	[MsgId: MMSG-16873]
Action.c(28): Redirecting "http://bing.com" (redirection depth is 0)  	[MsgId: MMSG-26694]
Action.c(15): Notify: Transaction "Test2" started.	[MsgId: MMSG-16999]
Action.c(28): To location "http://www.bing.com/"  	[MsgId: MMSG-26693]
Action.c(28): Error: Could not remove the dynamic filter to Network Virtualization, causing the error 7. The scenario will continue to run with Network Virtualization.	[MsgId: MERR-56947]
Action.c(17): web_url("web_url") started  	[MsgId: MMSG-26355]
End auto log messages stack.	[MsgId: MMSG-10544]
Action.c(17): Redirecting "http://bing.com" (redirection depth is 0)  	[MsgId: MMSG-26694]


Action.c(17): To location "http://www.bing.com/"  	[MsgId: MMSG-26693]
Start auto log messages stack - Iteration 259.	[MsgId: MMSG-10545]
Action.c(17): Error: Could not remove the dynamic filter to Network Virtualization, causing the error 7. The scenario will continue to run with Network Virtualization.	[MsgId: MERR-56947]
Action.c(28): Notify: Transaction "Test3" ended with a "Stop" status (Duration: 38.5093).	[MsgId: MMSG-16873]
End auto log messages stack.	[MsgId: MMSG-10544]
Action.c(28): Error: Could not remove the dynamic filter to Network Virtualization, causing the error 1523392852. The scenario will continue to run with Network Virtualization.	[MsgId: MERR-56947]


End auto log messages stack.	[MsgId: MMSG-10544]
Start auto log messages stack - Iteration 258.	[MsgId: MMSG-10545]


Action.c(17): Notify: Transaction "Test2" ended with a "Stop" status (Duration: 19.2661).	[MsgId: MMSG-16873]
Action.c(17): Error: Could not remove the dynamic filter to Network Virtualization, causing the error 1523392852. The scenario will continue to run with Network Virtualization.	[MsgId: MERR-56947]
Start auto log messages stack - Iteration 259.	[MsgId: MMSG-10545]
End auto log messages stack.	[MsgId: MMSG-10544]
Abort was called from an action.	[MsgId: MMSG-10447]


Ending Vuser...	[MsgId: MMSG-15966]
Starting action vuser_end.	[MsgId: MMSG-15919]
Ending action vuser_end.	[MsgId: MMSG-15918]
Start auto log messages stack - Iteration 258.	[MsgId: MMSG-10545]
Vuser Terminated.	[MsgId: MMSG-15963]
Abort was called from an action.	[MsgId: MMSG-10447]
Error: Could not remove the dynamic filter to Network Virtualization, causing the error 7. The scenario will continue to run with Network Virtualization.	[MsgId: MERR-56947]
Ending Vuser...	[MsgId: MMSG-15966]
Starting action vuser_end.	[MsgId: MMSG-15919]
Ending action vuser_end.	[MsgId: MMSG-15918]
Vuser Terminated.	[MsgId: MMSG-15963]
Error: Could not remove the dynamic filter to Network Virtualization, causing the error 7. The scenario will continue to run with Network Virtualization.	[MsgId: MERR-56947]
Error: Could not remove the dynamic filter to Network Virtualization, causing the error 1523392852. The scenario will continue to run with Network Virtualization.	[MsgId: MERR-56947]
Error: Could not remove the dynamic filter to Network Virtualization, causing the error 1523392852. The scenario will continue to run with Network Virtualization.	[MsgId: MERR-56947]
Start auto log messages stack - Iteration 6.	[MsgId: MMSG-10545]
Action.c(52): Resource "http://www.bing.com/rp/hceflue5sqxkKta9dP3R-IFtPuY.gz.js" is in the cache already and will not be downloaded again  	[MsgId: MMSG-26655]
Action.c(52): Resource "http://www.bing.com/rp/a282eRIAnHsW_URoyogdzsukm_o.gz.js" is in the cache already and will not be downloaded again  	[MsgId: MMSG-26655]
Action.c(52): Resource "http://www.bing.com/rp/svI82uPNFRD54V4bMLaeahXQXBI.gz.js" is in the cache already and will not be downloaded again  	[MsgId: MMSG-26655]
Action.c(52): web_url("web_url") was successful, 40819 body bytes, 750 header bytes  	[MsgId: MMSG-26386]
Action.c(59): Notify: Transaction "Test5" ended with a "Pass" status (Duration: 19.4402).	[MsgId: MMSG-16873]
Action.c(62): Notify: Transaction "Test6" started.	[MsgId: MMSG-16999]
Action.c(64): web_url("web_url") started  	[MsgId: MMSG-26355]
Action.c(64): Error: Could not remove the dynamic filter to Network Virtualization, causing the error 7. The scenario will continue to run with Network Virtualization.	[MsgId: MERR-56947]
End auto log messages stack.	[MsgId: MMSG-10544]


Start auto log messages stack - Iteration 6.	[MsgId: MMSG-10545]
Action.c(64): Notify: Transaction "Test6" ended with a "Stop" status (Duration: 19.1986).	[MsgId: MMSG-16873]
Action.c(64): Error: Could not remove the dynamic filter to Network Virtualization, causing the error 1523392852. The scenario will continue to run with Network Virtualization.	[MsgId: MERR-56947]
End auto log messages stack.	[MsgId: MMSG-10544]


Start auto log messages stack - Iteration 6.	[MsgId: MMSG-10545]
Abort was called from an action.	[MsgId: MMSG-10447]
Ending Vuser...	[MsgId: MMSG-15966]
Starting action vuser_end.	[MsgId: MMSG-15919]
Ending action vuser_end.	[MsgId: MMSG-15918]
Vuser Terminated.	[MsgId: MMSG-15963]
Error: Could not remove the dynamic filter to Network Virtualization, causing the error 7. The scenario will continue to run with Network Virtualization.	[MsgId: MERR-56947]
Error: Could not remove the dynamic filter to Network Virtualization, causing the error 1523392852. The scenario will continue to run with Network Virtualization.	[MsgId: MERR-56947]
Start auto log messages stack - Iteration 257.	[MsgId: MMSG-10545]
Action.c(17): Resource "http://www.bing.com/rp/a282eRIAnHsW_URoyogdzsukm_o.gz.js" is in the cache already and will not be downloaded again  	[MsgId: MMSG-26655]
Action.c(17): Resource "http://www.bing.com/rp/svI82uPNFRD54V4bMLaeahXQXBI.gz.js" is in the cache already and will not be downloaded again  	[MsgId: MMSG-26655]
Action.c(17): web_url("web_url") was successful, 40731 body bytes, 750 header bytes  	[MsgId: MMSG-26386]
Action.c(24): Notify: Transaction "Test2" ended with a "Pass" status (Duration: 0.2984).	[MsgId: MMSG-16873]
Action.c(26): Notify: Transaction "Test3" started.	[MsgId: MMSG-16999]
Action.c(28): web_url("web_url") started  	[MsgId: MMSG-26355]
Action.c(28): Redirecting "http://bing.com" (redirection depth is 0)  	[MsgId: MMSG-26694]
Action.c(28): To location "http://www.bing.com/"  	[MsgId: MMSG-26693]
Action.c(28): Error: Could not remove the dynamic filter to Network Virtualization, causing the error 7. The scenario will continue to run with Network Virtualization.	[MsgId: MERR-56947]
End auto log messages stack.	[MsgId: MMSG-10544]


Start auto log messages stack - Iteration 257.	[MsgId: MMSG-10545]
Action.c(28): Notify: Transaction "Test3" ended with a "Stop" status (Duration: 63.2459).	[MsgId: MMSG-16873]
Action.c(28): Error: Could not remove the dynamic filter to Network Virtualization, causing the error 1523392852. The scenario will continue to run with Network Virtualization.	[MsgId: MERR-56947]
End auto log messages stack.	[MsgId: MMSG-10544]


Start auto log messages stack - Iteration 257.	[MsgId: MMSG-10545]
Abort was called from an action.	[MsgId: MMSG-10447]
Ending Vuser...	[MsgId: MMSG-15966]
Starting action vuser_end.	[MsgId: MMSG-15919]
Ending action vuser_end.	[MsgId: MMSG-15918]
Vuser Terminated.	[MsgId: MMSG-15963]
Error: Could not remove the dynamic filter to Network Virtualization, causing the error 7. The scenario will continue to run with Network Virtualization.	[MsgId: MERR-56947]
Error: Could not remove the dynamic filter to Network Virtualization, causing the error 1523392852. The scenario will continue to run with Network Virtualization.	[MsgId: MERR-56947]
Start auto log messages stack - Iteration 260.	[MsgId: MMSG-10545]
Starting action Action.	[MsgId: MMSG-15919]
Action.c(4): Notify: Transaction "Test1" started.	[MsgId: MMSG-16999]
Action.c(6): web_url("web_url") started  	[MsgId: MMSG-26355]
Action.c(6): Redirecting "http://bing.com" (redirection depth is 0)  	[MsgId: MMSG-26694]
Action.c(6): To location "http://www.bing.com/"  	[MsgId: MMSG-26693]
Action.c(6): Error: Could not remove the dynamic filter to Network Virtualization, causing the error 7. The scenario will continue to run with Network Virtualization.	[MsgId: MERR-56947]
End auto log messages stack.	[MsgId: MMSG-10544]


Start auto log messages stack - Iteration 260.	[MsgId: MMSG-10545]
Action.c(6): Notify: Transaction "Test1" ended with a "Stop" status (Duration: 63.5367).	[MsgId: MMSG-16873]
Action.c(6): Error: Could not remove the dynamic filter to Network Virtualization, causing the error 1523392852. The scenario will continue to run with Network Virtualization.	[MsgId: MERR-56947]
End auto log messages stack.	[MsgId: MMSG-10544]


Start auto log messages stack - Iteration 260.	[MsgId: MMSG-10545]
Abort was called from an action.	[MsgId: MMSG-10447]
Ending Vuser...	[MsgId: MMSG-15966]
Starting action vuser_end.	[MsgId: MMSG-15919]
Ending action vuser_end.	[MsgId: MMSG-15918]
Vuser Terminated.	[MsgId: MMSG-15963]
Error: Could not remove the dynamic filter to Network Virtualization, causing the error 7. The scenario will continue to run with Network Virtualization.	[MsgId: MERR-56947]
Error: Could not remove the dynamic filter to Network Virtualization, causing the error 1523392852. The scenario will continue to run with Network Virtualization.	[MsgId: MERR-56947]
Start auto log messages stack - Iteration 258.	[MsgId: MMSG-10545]
Action.c(40): Resource "http://www.bing.com/rp/a282eRIAnHsW_URoyogdzsukm_o.gz.js" is in the cache already and will not be downloaded again  	[MsgId: MMSG-26655]
Action.c(40): Resource "http://www.bing.com/rp/svI82uPNFRD54V4bMLaeahXQXBI.gz.js" is in the cache already and will not be downloaded again  	[MsgId: MMSG-26655]
Action.c(40): web_url("web_url") was successful, 40729 body bytes, 750 header bytes  	[MsgId: MMSG-26386]
Action.c(47): Notify: Transaction "Test4" ended with a "Pass" status (Duration: 0.2525).	[MsgId: MMSG-16873]
Action.c(50): Notify: Transaction "Test5" started.	[MsgId: MMSG-16999]
Action.c(52): web_url("web_url") started  	[MsgId: MMSG-26355]
Action.c(52): Redirecting "http://bing.com" (redirection depth is 0)  	[MsgId: MMSG-26694]
Action.c(52): To location "http://www.bing.com/"  	[MsgId: MMSG-26693]
Action.c(52): Error: Could not remove the dynamic filter to Network Virtualization, causing the error 7. The scenario will continue to run with Network Virtualization.	[MsgId: MERR-56947]
End auto log messages stack.	[MsgId: MMSG-10544]


Start auto log messages stack - Iteration 258.	[MsgId: MMSG-10545]
Action.c(52): Notify: Transaction "Test5" ended with a "Stop" status (Duration: 64.3786).	[MsgId: MMSG-16873]
Action.c(52): Error: Could not remove the dynamic filter to Network Virtualization, causing the error 1523392852. The scenario will continue to run with Network Virtualization.	[MsgId: MERR-56947]
End auto log messages stack.	[MsgId: MMSG-10544]


Start auto log messages stack - Iteration 258.	[MsgId: MMSG-10545]
Abort was called from an action.	[MsgId: MMSG-10447]
Ending Vuser...	[MsgId: MMSG-15966]
Starting action vuser_end.	[MsgId: MMSG-15919]
Ending action vuser_end.	[MsgId: MMSG-15918]
Vuser Terminated.	[MsgId: MMSG-15963]
Error: Could not remove the dynamic filter to Network Virtualization, causing the error 7. The scenario will continue to run with Network Virtualization.	[MsgId: MERR-56947]
Error: Could not remove the dynamic filter to Network Virtualization, causing the error 1523392852. The scenario will continue to run with Network Virtualization.	[MsgId: MERR-56947]
Start auto log messages stack - Iteration 1.	[MsgId: MMSG-10545]
Action.c(17): Resource "http://www.bing.com/rp/a282eRIAnHsW_URoyogdzsukm_o.gz.js" is in the cache already and will not be downloaded again  	[MsgId: MMSG-26655]
Action.c(17): Resource "http://www.bing.com/rp/svI82uPNFRD54V4bMLaeahXQXBI.gz.js" is in the cache already and will not be downloaded again  	[MsgId: MMSG-26655]
Action.c(17): web_url("web_url") was successful, 40728 body bytes, 750 header bytes  	[MsgId: MMSG-26386]
Action.c(24): Notify: Transaction "Test2" ended with a "Pass" status (Duration: 0.1895).	[MsgId: MMSG-16873]
Action.c(26): Notify: Transaction "Test3" started.	[MsgId: MMSG-16999]
Action.c(28): web_url("web_url") started  	[MsgId: MMSG-26355]
Action.c(28): Redirecting "http://bing.com" (redirection depth is 0)  	[MsgId: MMSG-26694]
Action.c(28): To location "http://www.bing.com/"  	[MsgId: MMSG-26693]
Action.c(28): Error: Could not remove the dynamic filter to Network Virtualization, causing the error 7. The scenario will continue to run with Network Virtualization.	[MsgId: MERR-56947]
End auto log messages stack.	[MsgId: MMSG-10544]


Start auto log messages stack - Iteration 1.	[MsgId: MMSG-10545]
Action.c(28): Notify: Transaction "Test3" ended with a "Stop" status (Duration: 64.4670).	[MsgId: MMSG-16873]
Action.c(28): Error: Could not remove the dynamic filter to Network Virtualization, causing the error 1523392852. The scenario will continue to run with Network Virtualization.	[MsgId: MERR-56947]
End auto log messages stack.	[MsgId: MMSG-10544]


Start auto log messages stack - Iteration 1.	[MsgId: MMSG-10545]
Abort was called from an action.	[MsgId: MMSG-10447]
Ending Vuser...	[MsgId: MMSG-15966]
Starting action vuser_end.	[MsgId: MMSG-15919]
Ending action vuser_end.	[MsgId: MMSG-15918]
Vuser Terminated.	[MsgId: MMSG-15963]
Error: Could not remove the dynamic filter to Network Virtualization, causing the error 7. The scenario will continue to run with Network Virtualization.	[MsgId: MERR-56947]
Error: Could not remove the dynamic filter to Network Virtualization, causing the error 1523392852. The scenario will continue to run with Network Virtualization.	[MsgId: MERR-56947]
Start auto log messages stack - Iteration 4.	[MsgId: MMSG-10545]
Action.c(52): Resource "http://www.bing.com/rp/a282eRIAnHsW_URoyogdzsukm_o.gz.js" is in the cache already and will not be downloaded again  	[MsgId: MMSG-26655]
Action.c(52): Resource "http://www.bing.com/rp/svI82uPNFRD54V4bMLaeahXQXBI.gz.js" is in the cache already and will not be downloaded again  	[MsgId: MMSG-26655]
Action.c(52): web_url("web_url") was successful, 40822 body bytes, 750 header bytes  	[MsgId: MMSG-26386]
Action.c(59): Notify: Transaction "Test5" ended with a "Pass" status (Duration: 0.2611).	[MsgId: MMSG-16873]
Action.c(62): Notify: Transaction "Test6" started.	[MsgId: MMSG-16999]
Action.c(64): web_url("web_url") started  	[MsgId: MMSG-26355]
Action.c(64): Redirecting "http://bing.com" (redirection depth is 0)  	[MsgId: MMSG-26694]
Action.c(64): To location "http://www.bing.com/"  	[MsgId: MMSG-26693]
Action.c(64): Error: Could not remove the dynamic filter to Network Virtualization, causing the error 7. The scenario will continue to run with Network Virtualization.	[MsgId: MERR-56947]
End auto log messages stack.	[MsgId: MMSG-10544]


Start auto log messages stack - Iteration 4.	[MsgId: MMSG-10545]
Action.c(64): Notify: Transaction "Test6" ended with a "Stop" status (Duration: 66.1666).	[MsgId: MMSG-16873]
Action.c(64): Error: Could not remove the dynamic filter to Network Virtualization, causing the error 1523392852. The scenario will continue to run with Network Virtualization.	[MsgId: MERR-56947]
End auto log messages stack.	[MsgId: MMSG-10544]


Start auto log messages stack - Iteration 4.	[MsgId: MMSG-10545]
Abort was called from an action.	[MsgId: MMSG-10447]
Ending Vuser...	[MsgId: MMSG-15966]
Starting action vuser_end.	[MsgId: MMSG-15919]
Ending action vuser_end.	[MsgId: MMSG-15918]
Vuser Terminated.	[MsgId: MMSG-15963]
Error: Could not remove the dynamic filter to Network Virtualization, causing the error 7. The scenario will continue to run with Network Virtualization.	[MsgId: MERR-56947]
Error: Could not remove the dynamic filter to Network Virtualization, causing the error 1523392852. The scenario will continue to run with Network Virtualization.	[MsgId: MERR-56947]
Start auto log messages stack - Iteration 3.	[MsgId: MMSG-10545]
Action.c(6): Found resource "http://www.bing.com/rp/a282eRIAnHsW_URoyogdzsukm_o.gz.js" in HTML "http://www.bing.com/"  	[MsgId: MMSG-26659]
Action.c(6): Found resource "http://www.bing.com/rp/svI82uPNFRD54V4bMLaeahXQXBI.gz.js" in HTML "http://www.bing.com/"  	[MsgId: MMSG-26659]
Action.c(6): Warning -27792: Failed to connect to server "www.bing.com:80": [10060] Connection timed out  	[MsgId: MWAR-27792]
Action.c(6): Warning -27792: Failed to connect to server "www.bing.com:80": [10060] Connection timed out  	[MsgId: MWAR-27792]
Action.c(6): Warning -27792: Failed to connect to server "www.bing.com:80": [10060] Connection timed out  	[MsgId: MWAR-27792]
Action.c(6): Warning -27792: Failed to connect to server "www.bing.com:80": [10060] Connection timed out  	[MsgId: MWAR-27792]
Action.c(6): Error -27721: Step download timeout (120 seconds) has expired when downloading resource "http://www.bing.com/"  	[MsgId: MERR-27721]
End auto log messages stack.	[MsgId: MMSG-10544]


Start auto log messages stack.	[MsgId: MMSG-10546]
Ending iteration 3.	[MsgId: MMSG-15965]
Starting iteration 4.	[MsgId: MMSG-15968]
Error: Could not remove the dynamic filter to Network Virtualization, causing the error 7. The scenario will continue to run with Network Virtualization.	[MsgId: MERR-56947]
Error: Could not remove the dynamic filter to Network Virtualization, causing the error 1523392852. The scenario will continue to run with Network Virtualization.	[MsgId: MERR-56947]
End auto log messages stack.	[MsgId: MMSG-10544]


Notify: The Network Virtualization Emulation Dynamic Filter API was closed.	[MsgId: MMSG-56945]
